This file contains any messages produced by compilers while
running configure, to aid debugging if configure makes a mistake.

It was created by Clustal Omega configure 1.2.4, which was
generated by GNU Autoconf 2.63.  Invocation command line was

  $ ./configure CFLAGS=-I/opt/homebrew/include LDFLAGS=-L/opt/homebrew/lib

## --------- ##
## Platform. ##
## --------- ##

hostname = Ossians-Laptop.local
uname -m = arm64
uname -r = 24.0.0
uname -s = Darwin
uname -v = Darwin Kernel Version 24.0.0: Mon Aug 12 20:54:26 PDT 2024; root:xnu-11215.1.10~2/RELEASE_ARM64_T8112

/usr/bin/uname -p = arm
/bin/uname -X     = unknown

/bin/arch              = unknown
/usr/bin/arch -k       = unknown
/usr/convex/getsysinfo = unknown
/usr/bin/hostinfo      = Mach kernel version:
	 Darwin Kernel Version 24.0.0: Mon Aug 12 20:54:26 PDT 2024; root:xnu-11215.1.10~2/RELEASE_ARM64_T8112
Kernel configured for up to 8 processors.
8 processors are physically available.
8 processors are logically available.
Processor type: arm64e (ARM64E)
Processors active: 0 1 2 3 4 5 6 7
Primary memory available: 8.00 gigabytes
Default processor set: 512 tasks, 3532 threads, 8 processors
Load average: 3.99, Mach factor: 4.26
/bin/machine           = unknown
/usr/bin/oslevel       = unknown
/bin/universe          = unknown

PATH: /System/Volumes/Data/Users/ossianfinch/cdhit
PATH: /opt/anaconda3/bin
PATH: /opt/anaconda3/condabin
PATH: /opt/homebrew/bin
PATH: /opt/homebrew/sbin
PATH: /usr/local/bin
PATH: /System/Cryptexes/App/usr/bin
PATH: /usr/bin
PATH: /bin
PATH: /usr/sbin
PATH: /sbin
PATH: /var/run/com.apple.security.cryptexd/codex.system/bootstrap/usr/local/bin
PATH: /var/run/com.apple.security.cryptexd/codex.system/bootstrap/usr/bin
PATH: /var/run/com.apple.security.cryptexd/codex.system/bootstrap/usr/appleinternal/bin


## ----------- ##
## Core tests. ##
## ----------- ##

configure:2083:

    Welcome to Clustal Omega - version 1.2.4 (AndreaGiacomo)

                       +NMMMMMMMMMS=
                    MMMMM?      :MMMMM8
                  IMMMMS           MMMMM,
                ~MMMMN              ,MMMMM
               =MMMMM                 MMMMM
              ?MMMMM                  +MMMMM
              MMMMMS                   MMMMM
              MMMMM                    MMMMM:
              MMMMM                    MMMMM+
              MMMMM                    MMMMM~
              MMMMM                    MMMMM
              MMMMMZ                   MMMMM
               MMMMM                  ,MMMMZ
                MMMM8                 MMMM+
                 MMMMS               MMMM,
                   MMMMO           MMMM
            ,N       SMMM        MMM8       +8
            ,M7         M+       M+        :M8
            ,MMMMMMMMMMMMI       MMMMMMMMMMMM8
            ,MMMMMMMMMMMM8       MMMMMMMMMMMM8
            ,MMMMMMMMMMMMN       MMMMMMMMMMMM8

              
configure:2194: checking for a BSD-compatible install
configure:2262: result: /usr/bin/install -c
configure:2273: checking whether build environment is sane
configure:2316: result: yes
configure:2341: checking for a thread-safe mkdir -p
configure:2380: result: ./install-sh -c -d
configure:2393: checking for gawk
configure:2423: result: no
configure:2393: checking for mawk
configure:2423: result: no
configure:2393: checking for nawk
configure:2423: result: no
configure:2393: checking for awk
configure:2409: found /usr/bin/awk
configure:2420: result: awk
configure:2431: checking whether make sets $(MAKE)
configure:2453: result: yes
configure:2669: checking for style of include used by make
configure:2697: result: GNU
configure:2767: checking for gcc
configure:2783: found /usr/bin/gcc
configure:2794: result: gcc
configure:3026: checking for C compiler version
configure:3034: gcc --version >&5
Apple clang version 15.0.0 (clang-1500.1.0.2.5)
Target: arm64-apple-darwin24.0.0
Thread model: posix
InstalledDir: /Library/Developer/CommandLineTools/usr/bin
configure:3038: $? = 0
configure:3045: gcc -v >&5
Apple clang version 15.0.0 (clang-1500.1.0.2.5)
Target: arm64-apple-darwin24.0.0
Thread model: posix
InstalledDir: /Library/Developer/CommandLineTools/usr/bin
configure:3049: $? = 0
configure:3056: gcc -V >&5
clang: error: argument to '-V' is missing (expected 1 value)
clang: error: no input files
configure:3060: $? = 1
configure:3083: checking for C compiler default output file name
configure:3105: gcc -I/opt/homebrew/include  -L/opt/homebrew/lib conftest.c  >&5
configure:3109: $? = 0
configure:3147: result: a.out
configure:3166: checking whether the C compiler works
configure:3176: ./a.out
configure:3180: $? = 0
configure:3199: result: yes
configure:3206: checking whether we are cross compiling
configure:3208: result: no
configure:3211: checking for suffix of executables
configure:3218: gcc -o conftest -I/opt/homebrew/include  -L/opt/homebrew/lib conftest.c  >&5
configure:3222: $? = 0
configure:3248: result: 
configure:3254: checking for suffix of object files
configure:3280: gcc -c -I/opt/homebrew/include  conftest.c >&5
configure:3284: $? = 0
configure:3309: result: o
configure:3313: checking whether we are using the GNU C compiler
configure:3342: gcc -c -I/opt/homebrew/include  conftest.c >&5
configure:3349: $? = 0
configure:3366: result: yes
configure:3375: checking whether gcc accepts -g
configure:3405: gcc -c -g  conftest.c >&5
configure:3412: $? = 0
configure:3513: result: yes
configure:3530: checking for gcc option to accept ISO C89
configure:3604: gcc  -c -I/opt/homebrew/include  conftest.c >&5
conftest.c:17:14: warning: a function definition without a prototype is deprecated in all versions of C and is not supported in C2x [-Wdeprecated-non-prototype]
static char *e (p, i)
             ^
1 warning generated.
configure:3611: $? = 0
configure:3634: result: none needed
configure:3654: checking dependency style of gcc
configure:3745: result: gcc3
configure:3766: checking how to run the C preprocessor
configure:3806: gcc -E  conftest.c
configure:3813: $? = 0
configure:3844: gcc -E  conftest.c
conftest.c:10:10: fatal error: 'ac_nonexistent.h' file not found
#include <ac_nonexistent.h>
         ^~~~~~~~~~~~~~~~~~
1 error generated.
configure:3851: $? = 1
configure: failed program was:
| /* confdefs.h.  */
| #define PACKAGE_NAME "Clustal Omega"
| #define PACKAGE_TARNAME "clustal-omega"
| #define PACKAGE_VERSION "1.2.4"
| #define PACKAGE_STRING "Clustal Omega 1.2.4"
| #define PACKAGE_BUGREPORT "clustalw@ucd.ie"
| #define PACKAGE "clustal-omega"
| #define VERSION "1.2.4"
| /* end confdefs.h.  */
| #include <ac_nonexistent.h>
configure:3884: result: gcc -E
configure:3913: gcc -E  conftest.c
configure:3920: $? = 0
configure:3951: gcc -E  conftest.c
conftest.c:10:10: fatal error: 'ac_nonexistent.h' file not found
#include <ac_nonexistent.h>
         ^~~~~~~~~~~~~~~~~~
1 error generated.
configure:3958: $? = 1
configure: failed program was:
| /* confdefs.h.  */
| #define PACKAGE_NAME "Clustal Omega"
| #define PACKAGE_TARNAME "clustal-omega"
| #define PACKAGE_VERSION "1.2.4"
| #define PACKAGE_STRING "Clustal Omega 1.2.4"
| #define PACKAGE_BUGREPORT "clustalw@ucd.ie"
| #define PACKAGE "clustal-omega"
| #define VERSION "1.2.4"
| /* end confdefs.h.  */
| #include <ac_nonexistent.h>
configure:3998: checking for grep that handles long lines and -e
configure:4058: result: /usr/bin/grep
configure:4063: checking for egrep
configure:4127: result: /usr/bin/grep -E
configure:4132: checking for ANSI C header files
configure:4162: gcc -c -I/opt/homebrew/include  conftest.c >&5
configure:4169: $? = 0
configure:4268: gcc -o conftest -I/opt/homebrew/include  -L/opt/homebrew/lib conftest.c  >&5
configure:4272: $? = 0
configure:4278: ./conftest
configure:4282: $? = 0
configure:4300: result: yes
configure:4324: checking for sys/types.h
configure:4345: gcc -c -I/opt/homebrew/include  conftest.c >&5
configure:4352: $? = 0
configure:4369: result: yes
configure:4324: checking for sys/stat.h
configure:4345: gcc -c -I/opt/homebrew/include  conftest.c >&5
configure:4352: $? = 0
configure:4369: result: yes
configure:4324: checking for stdlib.h
configure:4345: gcc -c -I/opt/homebrew/include  conftest.c >&5
configure:4352: $? = 0
configure:4369: result: yes
configure:4324: checking for string.h
configure:4345: gcc -c -I/opt/homebrew/include  conftest.c >&5
configure:4352: $? = 0
configure:4369: result: yes
configure:4324: checking for memory.h
configure:4345: gcc -c -I/opt/homebrew/include  conftest.c >&5
configure:4352: $? = 0
configure:4369: result: yes
configure:4324: checking for strings.h
configure:4345: gcc -c -I/opt/homebrew/include  conftest.c >&5
configure:4352: $? = 0
configure:4369: result: yes
configure:4324: checking for inttypes.h
configure:4345: gcc -c -I/opt/homebrew/include  conftest.c >&5
configure:4352: $? = 0
configure:4369: result: yes
configure:4324: checking for stdint.h
configure:4345: gcc -c -I/opt/homebrew/include  conftest.c >&5
configure:4352: $? = 0
configure:4369: result: yes
configure:4324: checking for unistd.h
configure:4345: gcc -c -I/opt/homebrew/include  conftest.c >&5
configure:4352: $? = 0
configure:4369: result: yes
configure:4394: checking minix/config.h usability
configure:4411: gcc -c -I/opt/homebrew/include  conftest.c >&5
conftest.c:53:10: fatal error: 'minix/config.h' file not found
#include <minix/config.h>
         ^~~~~~~~~~~~~~~~
1 error generated.
configure:4418: $? = 1
configure: failed program was:
| /* confdefs.h.  */
| #define PACKAGE_NAME "Clustal Omega"
| #define PACKAGE_TARNAME "clustal-omega"
| #define PACKAGE_VERSION "1.2.4"
| #define PACKAGE_STRING "Clustal Omega 1.2.4"
| #define PACKAGE_BUGREPORT "clustalw@ucd.ie"
| #define PACKAGE "clustal-omega"
| #define VERSION "1.2.4"
| #define STDC_HEADERS 1
| #define HAVE_SYS_TYPES_H 1
| #define HAVE_SYS_STAT_H 1
| #define HAVE_STDLIB_H 1
| #define HAVE_STRING_H 1
| #define HAVE_MEMORY_H 1
| #define HAVE_STRINGS_H 1
| #define HAVE_INTTYPES_H 1
| #define HAVE_STDINT_H 1
| #define HAVE_UNISTD_H 1
| /* end confdefs.h.  */
| #include <stdio.h>
| #ifdef HAVE_SYS_TYPES_H
| # include <sys/types.h>
| #endif
| #ifdef HAVE_SYS_STAT_H
| # include <sys/stat.h>
| #endif
| #ifdef STDC_HEADERS
| # include <stdlib.h>
| # include <stddef.h>
| #else
| # ifdef HAVE_STDLIB_H
| #  include <stdlib.h>
| # endif
| #endif
| #ifdef HAVE_STRING_H
| # if !defined STDC_HEADERS && defined HAVE_MEMORY_H
| #  include <memory.h>
| # endif
| # include <string.h>
| #endif
| #ifdef HAVE_STRINGS_H
| # include <strings.h>
| #endif
| #ifdef HAVE_INTTYPES_H
| # include <inttypes.h>
| #endif
| #ifdef HAVE_STDINT_H
| # include <stdint.h>
| #endif
| #ifdef HAVE_UNISTD_H
| # include <unistd.h>
| #endif
| #include <minix/config.h>
configure:4432: result: no
configure:4436: checking minix/config.h presence
configure:4451: gcc -E  conftest.c
conftest.c:20:10: fatal error: 'minix/config.h' file not found
#include <minix/config.h>
         ^~~~~~~~~~~~~~~~
1 error generated.
configure:4458: $? = 1
configure: failed program was:
| /* confdefs.h.  */
| #define PACKAGE_NAME "Clustal Omega"
| #define PACKAGE_TARNAME "clustal-omega"
| #define PACKAGE_VERSION "1.2.4"
| #define PACKAGE_STRING "Clustal Omega 1.2.4"
| #define PACKAGE_BUGREPORT "clustalw@ucd.ie"
| #define PACKAGE "clustal-omega"
| #define VERSION "1.2.4"
| #define STDC_HEADERS 1
| #define HAVE_SYS_TYPES_H 1
| #define HAVE_SYS_STAT_H 1
| #define HAVE_STDLIB_H 1
| #define HAVE_STRING_H 1
| #define HAVE_MEMORY_H 1
| #define HAVE_STRINGS_H 1
| #define HAVE_INTTYPES_H 1
| #define HAVE_STDINT_H 1
| #define HAVE_UNISTD_H 1
| /* end confdefs.h.  */
| #include <minix/config.h>
configure:4472: result: no
configure:4505: checking for minix/config.h
configure:4512: result: no
configure:4543: checking whether it is safe to define __EXTENSIONS__
configure:4571: gcc -c -I/opt/homebrew/include  conftest.c >&5
configure:4578: $? = 0
configure:4593: result: yes
configure:4627: checking build system type
configure:4645: result: arm-apple-darwin24.0.0
configure:4667: checking host system type
configure:4682: result: arm-apple-darwin24.0.0
configure:4708: checking whether make sets $(MAKE)
configure:4730: result: yes
configure:4770: checking for a sed that does not truncate output
configure:4836: result: /usr/bin/sed
configure:4854: checking for fgrep
configure:4918: result: /usr/bin/grep -F
configure:4953: checking for ld used by gcc
configure:5020: result: /Library/Developer/CommandLineTools/usr/bin/ld
configure:5029: checking if the linker (/Library/Developer/CommandLineTools/usr/bin/ld) is GNU ld
configure:5044: result: no
configure:5056: checking for BSD- or MS-compatible name lister (nm)
configure:5105: result: /usr/bin/nm -B
configure:5223: checking the name lister (/usr/bin/nm -B) interface
configure:5230: gcc -c -I/opt/homebrew/include  conftest.c >&5
configure:5233: /usr/bin/nm -B "conftest.o"
configure:5236: output
0000000000000000 S _some_variable
0000000000000000 t ltmp0
0000000000000000 s ltmp1
configure:5243: result: BSD nm
configure:5246: checking whether ln -s works
configure:5250: result: yes
configure:5258: checking the maximum length of command line arguments
configure:5378: result: 786432
configure:5395: checking whether the shell understands some XSI constructs
configure:5405: result: yes
configure:5409: checking whether the shell understands "+="
configure:5415: result: yes
configure:5450: checking for /Library/Developer/CommandLineTools/usr/bin/ld option to reload object files
configure:5457: result: -r
configure:5526: checking for objdump
configure:5542: found /usr/bin/objdump
configure:5553: result: objdump
configure:5585: checking how to recognize dependent libraries
configure:5781: result: pass_all
configure:5841: checking for ar
configure:5857: found /opt/anaconda3/bin/ar
configure:5868: result: ar
configure:5946: checking for strip
configure:5962: found /opt/anaconda3/bin/strip
configure:5973: result: strip
configure:6045: checking for ranlib
configure:6061: found /opt/anaconda3/bin/ranlib
configure:6072: result: ranlib
configure:6162: checking command to parse /usr/bin/nm -B output from gcc object
configure:6280: gcc -c -I/opt/homebrew/include  conftest.c >&5
configure:6283: $? = 0
configure:6287: /usr/bin/nm -B conftest.o \| sed -n -e 's/^.*[	 ]\([ABCDGIRSTW][ABCDGIRSTW]*\)[	 ][	 ]*\([_A-Za-z][_A-Za-z0-9]*\)$/\1 \2 \2/p' \> conftest.nm
configure:6290: $? = 0
cannot find nm_test_var in conftest.nm
configure:6280: gcc -c -I/opt/homebrew/include  conftest.c >&5
configure:6283: $? = 0
configure:6287: /usr/bin/nm -B conftest.o \| sed -n -e 's/^.*[	 ]\([ABCDGIRSTW][ABCDGIRSTW]*\)[	 ][	 ]*_\([_A-Za-z][_A-Za-z0-9]*\)$/\1 _\2 \2/p' \> conftest.nm
configure:6290: $? = 0
configure:6344: gcc -o conftest -I/opt/homebrew/include  -L/opt/homebrew/lib conftest.c conftstm.o >&5
configure:6347: $? = 0
configure:6385: result: ok
configure:6678: checking for dsymutil
configure:6694: found /usr/bin/dsymutil
configure:6705: result: dsymutil
configure:6770: checking for nmedit
configure:6786: found /opt/anaconda3/bin/nmedit
configure:6797: result: nmedit
configure:6862: checking for lipo
configure:6878: found /opt/anaconda3/bin/lipo
configure:6889: result: lipo
configure:6954: checking for otool
configure:6970: found /opt/anaconda3/bin/otool
configure:6981: result: otool
configure:7046: checking for otool64
configure:7076: result: no
configure:7121: checking for -single_module linker flag
gcc -I/opt/homebrew/include -L/opt/homebrew/lib -o libconftest.dylib -dynamiclib -Wl,-single_module conftest.c
ld: warning: -single_module is obsolete
configure:7148: result: no
configure:7150: checking for -exported_symbols_list linker flag
configure:7180: gcc -o conftest -I/opt/homebrew/include  -L/opt/homebrew/lib -Wl,-exported_symbols_list,conftest.sym conftest.c  >&5
configure:7187: $? = 0
configure:7209: result: yes
configure:7250: checking for dlfcn.h
configure:7271: gcc -c -I/opt/homebrew/include  conftest.c >&5
configure:7278: $? = 0
configure:7295: result: yes
configure:7481: checking for objdir
configure:7496: result: .libs
configure:7792: checking if gcc supports -fno-rtti -fno-exceptions
configure:7810: gcc -c -I/opt/homebrew/include  -fno-rtti -fno-exceptions conftest.c >&5
configure:7814: $? = 0
configure:7827: result: yes
configure:7847: checking for gcc option to produce PIC
configure:8119: result: -fno-common -DPIC
configure:8131: checking if gcc PIC flag -fno-common -DPIC works
configure:8149: gcc -c -I/opt/homebrew/include  -fno-common -DPIC -DPIC conftest.c >&5
configure:8153: $? = 0
configure:8166: result: yes
configure:8190: checking if gcc static flag -static works
configure:8218: result: no
configure:8233: checking if gcc supports -c -o file.o
configure:8254: gcc -c -I/opt/homebrew/include  -o out/conftest2.o conftest.c >&5
configure:8258: $? = 0
configure:8280: result: yes
configure:8288: checking if gcc supports -c -o file.o
configure:8335: result: yes
configure:8368: checking whether the gcc linker (/Library/Developer/CommandLineTools/usr/bin/ld) supports shared libraries
configure:9443: result: yes
configure:9682: checking dynamic linker characteristics
configure:10377: result: darwin24.0.0 dyld
configure:10479: checking how to hardcode library paths into programs
configure:10504: result: immediate
configure:11337: checking whether stripping libraries is possible
configure:11351: result: yes
configure:11377: checking if libtool supports shared libraries
configure:11379: result: yes
configure:11382: checking whether to build shared libraries
configure:11403: result: yes
configure:11406: checking whether to build static libraries
configure:11410: result: yes
configure:11462: checking for a BSD-compatible install
configure:11530: result: /usr/bin/install -c
configure:11598: checking for gcc
configure:11625: result: gcc
configure:11857: checking for C compiler version
configure:11865: gcc --version >&5
Apple clang version 15.0.0 (clang-1500.1.0.2.5)
Target: arm64-apple-darwin24.0.0
Thread model: posix
InstalledDir: /Library/Developer/CommandLineTools/usr/bin
configure:11869: $? = 0
configure:11876: gcc -v >&5
Apple clang version 15.0.0 (clang-1500.1.0.2.5)
Target: arm64-apple-darwin24.0.0
Thread model: posix
InstalledDir: /Library/Developer/CommandLineTools/usr/bin
configure:11880: $? = 0
configure:11887: gcc -V >&5
clang: error: argument to '-V' is missing (expected 1 value)
clang: error: no input files
configure:11891: $? = 1
configure:11894: checking whether we are using the GNU C compiler
configure:11947: result: yes
configure:11956: checking whether gcc accepts -g
configure:12094: result: yes
configure:12111: checking for gcc option to accept ISO C89
configure:12215: result: none needed
configure:12235: checking dependency style of gcc
configure:12326: result: gcc3
configure:12347: checking how to run the C preprocessor
configure:12465: result: gcc -E
configure:12494: gcc -E  conftest.c
configure:12501: $? = 0
configure:12532: gcc -E  conftest.c
conftest.c:27:10: fatal error: 'ac_nonexistent.h' file not found
#include <ac_nonexistent.h>
         ^~~~~~~~~~~~~~~~~~
1 error generated.
configure:12539: $? = 1
configure: failed program was:
| /* confdefs.h.  */
| #define PACKAGE_NAME "Clustal Omega"
| #define PACKAGE_TARNAME "clustal-omega"
| #define PACKAGE_VERSION "1.2.4"
| #define PACKAGE_STRING "Clustal Omega 1.2.4"
| #define PACKAGE_BUGREPORT "clustalw@ucd.ie"
| #define PACKAGE "clustal-omega"
| #define VERSION "1.2.4"
| #define STDC_HEADERS 1
| #define HAVE_SYS_TYPES_H 1
| #define HAVE_SYS_STAT_H 1
| #define HAVE_STDLIB_H 1
| #define HAVE_STRING_H 1
| #define HAVE_MEMORY_H 1
| #define HAVE_STRINGS_H 1
| #define HAVE_INTTYPES_H 1
| #define HAVE_STDINT_H 1
| #define HAVE_UNISTD_H 1
| #define __EXTENSIONS__ 1
| #define _ALL_SOURCE 1
| #define _GNU_SOURCE 1
| #define _POSIX_PTHREAD_SEMANTICS 1
| #define _TANDEM_SOURCE 1
| #define HAVE_DLFCN_H 1
| #define LT_OBJDIR ".libs/"
| /* end confdefs.h.  */
| #include <ac_nonexistent.h>
configure:12641: checking for g++
configure:12657: found /usr/bin/g++
configure:12668: result: g++
configure:12695: checking for C++ compiler version
configure:12703: g++ --version >&5
Apple clang version 15.0.0 (clang-1500.1.0.2.5)
Target: arm64-apple-darwin24.0.0
Thread model: posix
InstalledDir: /Library/Developer/CommandLineTools/usr/bin
configure:12707: $? = 0
configure:12714: g++ -v >&5
Apple clang version 15.0.0 (clang-1500.1.0.2.5)
Target: arm64-apple-darwin24.0.0
Thread model: posix
InstalledDir: /Library/Developer/CommandLineTools/usr/bin
configure:12718: $? = 0
configure:12725: g++ -V >&5
clang: error: argument to '-V' is missing (expected 1 value)
clang: error: no input files
configure:12729: $? = 1
configure:12732: checking whether we are using the GNU C++ compiler
configure:12761: g++ -c   conftest.cpp >&5
configure:12768: $? = 0
configure:12785: result: yes
configure:12794: checking whether g++ accepts -g
configure:12824: g++ -c -g  conftest.cpp >&5
configure:12831: $? = 0
configure:12932: result: yes
configure:12957: checking dependency style of g++
configure:13048: result: gcc3
configure:13176: checking for C++ compiler version
configure:13184: g++ --version >&5
Apple clang version 15.0.0 (clang-1500.1.0.2.5)
Target: arm64-apple-darwin24.0.0
Thread model: posix
InstalledDir: /Library/Developer/CommandLineTools/usr/bin
configure:13188: $? = 0
configure:13195: g++ -v >&5
Apple clang version 15.0.0 (clang-1500.1.0.2.5)
Target: arm64-apple-darwin24.0.0
Thread model: posix
InstalledDir: /Library/Developer/CommandLineTools/usr/bin
configure:13199: $? = 0
configure:13206: g++ -V >&5
clang: error: argument to '-V' is missing (expected 1 value)
clang: error: no input files
configure:13210: $? = 1
configure:13213: checking whether we are using the GNU C++ compiler
configure:13266: result: yes
configure:13275: checking whether g++ accepts -g
configure:13413: result: yes
configure:13438: checking dependency style of g++
configure:13529: result: gcc3
configure:13552: checking how to run the C++ preprocessor
configure:13588: g++ -E  conftest.cpp
configure:13595: $? = 0
configure:13626: g++ -E  conftest.cpp
conftest.cpp:27:10: fatal error: 'ac_nonexistent.h' file not found
#include <ac_nonexistent.h>
         ^~~~~~~~~~~~~~~~~~
1 error generated.
configure:13633: $? = 1
configure: failed program was:
| /* confdefs.h.  */
| #define PACKAGE_NAME "Clustal Omega"
| #define PACKAGE_TARNAME "clustal-omega"
| #define PACKAGE_VERSION "1.2.4"
| #define PACKAGE_STRING "Clustal Omega 1.2.4"
| #define PACKAGE_BUGREPORT "clustalw@ucd.ie"
| #define PACKAGE "clustal-omega"
| #define VERSION "1.2.4"
| #define STDC_HEADERS 1
| #define HAVE_SYS_TYPES_H 1
| #define HAVE_SYS_STAT_H 1
| #define HAVE_STDLIB_H 1
| #define HAVE_STRING_H 1
| #define HAVE_MEMORY_H 1
| #define HAVE_STRINGS_H 1
| #define HAVE_INTTYPES_H 1
| #define HAVE_STDINT_H 1
| #define HAVE_UNISTD_H 1
| #define __EXTENSIONS__ 1
| #define _ALL_SOURCE 1
| #define _GNU_SOURCE 1
| #define _POSIX_PTHREAD_SEMANTICS 1
| #define _TANDEM_SOURCE 1
| #define HAVE_DLFCN_H 1
| #define LT_OBJDIR ".libs/"
| /* end confdefs.h.  */
| #include <ac_nonexistent.h>
configure:13666: result: g++ -E
configure:13695: g++ -E  conftest.cpp
configure:13702: $? = 0
configure:13733: g++ -E  conftest.cpp
conftest.cpp:27:10: fatal error: 'ac_nonexistent.h' file not found
#include <ac_nonexistent.h>
         ^~~~~~~~~~~~~~~~~~
1 error generated.
configure:13740: $? = 1
configure: failed program was:
| /* confdefs.h.  */
| #define PACKAGE_NAME "Clustal Omega"
| #define PACKAGE_TARNAME "clustal-omega"
| #define PACKAGE_VERSION "1.2.4"
| #define PACKAGE_STRING "Clustal Omega 1.2.4"
| #define PACKAGE_BUGREPORT "clustalw@ucd.ie"
| #define PACKAGE "clustal-omega"
| #define VERSION "1.2.4"
| #define STDC_HEADERS 1
| #define HAVE_SYS_TYPES_H 1
| #define HAVE_SYS_STAT_H 1
| #define HAVE_STDLIB_H 1
| #define HAVE_STRING_H 1
| #define HAVE_MEMORY_H 1
| #define HAVE_STRINGS_H 1
| #define HAVE_INTTYPES_H 1
| #define HAVE_STDINT_H 1
| #define HAVE_UNISTD_H 1
| #define __EXTENSIONS__ 1
| #define _ALL_SOURCE 1
| #define _GNU_SOURCE 1
| #define _POSIX_PTHREAD_SEMANTICS 1
| #define _TANDEM_SOURCE 1
| #define HAVE_DLFCN_H 1
| #define LT_OBJDIR ".libs/"
| /* end confdefs.h.  */
| #include <ac_nonexistent.h>
configure:13916: checking for ld used by g++
configure:13983: result: /Library/Developer/CommandLineTools/usr/bin/ld
configure:13992: checking if the linker (/Library/Developer/CommandLineTools/usr/bin/ld) is GNU ld
configure:14007: result: no
configure:14062: checking whether the g++ linker (/Library/Developer/CommandLineTools/usr/bin/ld) supports shared libraries
configure:15037: result: yes
configure:15065: g++ -c -g -O2  conftest.cpp >&5
configure:15068: $? = 0
configure:15250: checking for g++ option to produce PIC
configure:15567: result: -fno-common -DPIC
configure:15576: checking if g++ PIC flag -fno-common -DPIC works
configure:15594: g++ -c -g -O2  -fno-common -DPIC -DPIC conftest.cpp >&5
configure:15598: $? = 0
configure:15611: result: yes
configure:15632: checking if g++ static flag -static works
configure:15660: result: no
configure:15672: checking if g++ supports -c -o file.o
configure:15693: g++ -c -g -O2  -o out/conftest2.o conftest.cpp >&5
configure:15697: $? = 0
configure:15719: result: yes
configure:15724: checking if g++ supports -c -o file.o
configure:15771: result: yes
configure:15801: checking whether the g++ linker (/Library/Developer/CommandLineTools/usr/bin/ld) supports shared libraries
configure:15830: result: yes
configure:15967: checking dynamic linker characteristics
configure:16610: result: darwin24.0.0 dyld
configure:16661: checking how to hardcode library paths into programs
configure:16686: result: immediate
configure:16731: checking how to run the C++ preprocessor
configure:16845: result: g++ -E
configure:16874: g++ -E  conftest.cpp
configure:16881: $? = 0
configure:16912: g++ -E  conftest.cpp
conftest.cpp:27:10: fatal error: 'ac_nonexistent.h' file not found
#include <ac_nonexistent.h>
         ^~~~~~~~~~~~~~~~~~
1 error generated.
configure:16919: $? = 1
configure: failed program was:
| /* confdefs.h.  */
| #define PACKAGE_NAME "Clustal Omega"
| #define PACKAGE_TARNAME "clustal-omega"
| #define PACKAGE_VERSION "1.2.4"
| #define PACKAGE_STRING "Clustal Omega 1.2.4"
| #define PACKAGE_BUGREPORT "clustalw@ucd.ie"
| #define PACKAGE "clustal-omega"
| #define VERSION "1.2.4"
| #define STDC_HEADERS 1
| #define HAVE_SYS_TYPES_H 1
| #define HAVE_SYS_STAT_H 1
| #define HAVE_STDLIB_H 1
| #define HAVE_STRING_H 1
| #define HAVE_MEMORY_H 1
| #define HAVE_STRINGS_H 1
| #define HAVE_INTTYPES_H 1
| #define HAVE_STDINT_H 1
| #define HAVE_UNISTD_H 1
| #define __EXTENSIONS__ 1
| #define _ALL_SOURCE 1
| #define _GNU_SOURCE 1
| #define _POSIX_PTHREAD_SEMANTICS 1
| #define _TANDEM_SOURCE 1
| #define HAVE_DLFCN_H 1
| #define LT_OBJDIR ".libs/"
| /* end confdefs.h.  */
| #include <ac_nonexistent.h>
configure:17113: checking for ANSI C header files
configure:17281: result: yes
configure:17319: checking assert.h usability
configure:17336: gcc -c -I/opt/homebrew/include  conftest.c >&5
configure:17343: $? = 0
configure:17357: result: yes
configure:17361: checking assert.h presence
configure:17376: gcc -E  conftest.c
configure:17383: $? = 0
configure:17397: result: yes
configure:17430: checking for assert.h
configure:17439: result: yes
configure:17319: checking ctype.h usability
configure:17336: gcc -c -I/opt/homebrew/include  conftest.c >&5
configure:17343: $? = 0
configure:17357: result: yes
configure:17361: checking ctype.h presence
configure:17376: gcc -E  conftest.c
configure:17383: $? = 0
configure:17397: result: yes
configure:17430: checking for ctype.h
configure:17439: result: yes
configure:17319: checking float.h usability
configure:17336: gcc -c -I/opt/homebrew/include  conftest.c >&5
configure:17343: $? = 0
configure:17357: result: yes
configure:17361: checking float.h presence
configure:17376: gcc -E  conftest.c
configure:17383: $? = 0
configure:17397: result: yes
configure:17430: checking for float.h
configure:17439: result: yes
configure:17319: checking limits.h usability
configure:17336: gcc -c -I/opt/homebrew/include  conftest.c >&5
configure:17343: $? = 0
configure:17357: result: yes
configure:17361: checking limits.h presence
configure:17376: gcc -E  conftest.c
configure:17383: $? = 0
configure:17397: result: yes
configure:17430: checking for limits.h
configure:17439: result: yes
configure:17319: checking math.h usability
configure:17336: gcc -c -I/opt/homebrew/include  conftest.c >&5
configure:17343: $? = 0
configure:17357: result: yes
configure:17361: checking math.h presence
configure:17376: gcc -E  conftest.c
configure:17383: $? = 0
configure:17397: result: yes
configure:17430: checking for math.h
configure:17439: result: yes
configure:17308: checking for memory.h
configure:17315: result: yes
configure:17319: checking stdarg.h usability
configure:17336: gcc -c -I/opt/homebrew/include  conftest.c >&5
configure:17343: $? = 0
configure:17357: result: yes
configure:17361: checking stdarg.h presence
configure:17376: gcc -E  conftest.c
configure:17383: $? = 0
configure:17397: result: yes
configure:17430: checking for stdarg.h
configure:17439: result: yes
configure:17319: checking stdio.h usability
configure:17336: gcc -c -I/opt/homebrew/include  conftest.c >&5
configure:17343: $? = 0
configure:17357: result: yes
configure:17361: checking stdio.h presence
configure:17376: gcc -E  conftest.c
configure:17383: $? = 0
configure:17397: result: yes
configure:17430: checking for stdio.h
configure:17439: result: yes
configure:17308: checking for stdlib.h
configure:17315: result: yes
configure:17308: checking for string.h
configure:17315: result: yes
configure:17319: checking time.h usability
configure:17336: gcc -c -I/opt/homebrew/include  conftest.c >&5
configure:17343: $? = 0
configure:17357: result: yes
configure:17361: checking time.h presence
configure:17376: gcc -E  conftest.c
configure:17383: $? = 0
configure:17397: result: yes
configure:17430: checking for time.h
configure:17439: result: yes
configure:17308: checking for unistd.h
configure:17315: result: yes
configure:17457: checking for an ANSI C-conforming const
configure:17532: gcc -c -I/opt/homebrew/include  conftest.c >&5
configure:17539: $? = 0
configure:17554: result: yes
configure:17564: checking for size_t
configure:17592: gcc -c -I/opt/homebrew/include  conftest.c >&5
configure:17599: $? = 0
configure:17626: gcc -c -I/opt/homebrew/include  conftest.c >&5
conftest.c:79:21: error: expected expression
if (sizeof ((size_t)))
                    ^
1 error generated.
configure:17633: $? = 1
configure: failed program was:
| /* confdefs.h.  */
| #define PACKAGE_NAME "Clustal Omega"
| #define PACKAGE_TARNAME "clustal-omega"
| #define PACKAGE_VERSION "1.2.4"
| #define PACKAGE_STRING "Clustal Omega 1.2.4"
| #define PACKAGE_BUGREPORT "clustalw@ucd.ie"
| #define PACKAGE "clustal-omega"
| #define VERSION "1.2.4"
| #define STDC_HEADERS 1
| #define HAVE_SYS_TYPES_H 1
| #define HAVE_SYS_STAT_H 1
| #define HAVE_STDLIB_H 1
| #define HAVE_STRING_H 1
| #define HAVE_MEMORY_H 1
| #define HAVE_STRINGS_H 1
| #define HAVE_INTTYPES_H 1
| #define HAVE_STDINT_H 1
| #define HAVE_UNISTD_H 1
| #define __EXTENSIONS__ 1
| #define _ALL_SOURCE 1
| #define _GNU_SOURCE 1
| #define _POSIX_PTHREAD_SEMANTICS 1
| #define _TANDEM_SOURCE 1
| #define HAVE_DLFCN_H 1
| #define LT_OBJDIR ".libs/"
| #define CLUSTALO 1
| #define PACKAGE_CODENAME "AndreaGiacomo"
| #define DARWIN 1
| #define STDC_HEADERS 1
| #define HAVE_ASSERT_H 1
| #define HAVE_CTYPE_H 1
| #define HAVE_FLOAT_H 1
| #define HAVE_LIMITS_H 1
| #define HAVE_MATH_H 1
| #define HAVE_MEMORY_H 1
| #define HAVE_STDARG_H 1
| #define HAVE_STDIO_H 1
| #define HAVE_STDLIB_H 1
| #define HAVE_STRING_H 1
| #define HAVE_TIME_H 1
| #define HAVE_UNISTD_H 1
| /* end confdefs.h.  */
| #include <stdio.h>
| #ifdef HAVE_SYS_TYPES_H
| # include <sys/types.h>
| #endif
| #ifdef HAVE_SYS_STAT_H
| # include <sys/stat.h>
| #endif
| #ifdef STDC_HEADERS
| # include <stdlib.h>
| # include <stddef.h>
| #else
| # ifdef HAVE_STDLIB_H
| #  include <stdlib.h>
| # endif
| #endif
| #ifdef HAVE_STRING_H
| # if !defined STDC_HEADERS && defined HAVE_MEMORY_H
| #  include <memory.h>
| # endif
| # include <string.h>
| #endif
| #ifdef HAVE_STRINGS_H
| # include <strings.h>
| #endif
| #ifdef HAVE_INTTYPES_H
| # include <inttypes.h>
| #endif
| #ifdef HAVE_STDINT_H
| # include <stdint.h>
| #endif
| #ifdef HAVE_UNISTD_H
| # include <unistd.h>
| #endif
| int
| main ()
| {
| if (sizeof ((size_t)))
| 	  return 0;
|   ;
|   return 0;
| }
configure:17656: result: yes
configure:17668: checking for inline
configure:17694: gcc -c -I/opt/homebrew/include  conftest.c >&5
configure:17701: $? = 0
configure:17719: result: inline
configure:17746: checking for log in -lm
configure:17781: gcc -o conftest -I/opt/homebrew/include  -L/opt/homebrew/lib conftest.c -lm   >&5
conftest.c:50:6: warning: incompatible redeclaration of library function 'log' [-Wincompatible-library-redeclaration]
char log ();
     ^
conftest.c:50:6: note: 'log' is a builtin with type 'double (double)'
1 warning generated.
configure:17788: $? = 0
configure:17809: result: yes
configure:17824: checking for log2 in -lm
configure:17859: gcc -o conftest -I/opt/homebrew/include  -L/opt/homebrew/lib conftest.c -lm  -lm  >&5
conftest.c:51:6: warning: incompatible redeclaration of library function 'log2' [-Wincompatible-library-redeclaration]
char log2 ();
     ^
conftest.c:51:6: note: 'log2' is a builtin with type 'double (double)'
1 warning generated.
ld: warning: ignoring duplicate libraries: '-lm'
configure:17866: $? = 0
configure:17887: result: yes
configure:17918: checking argtable2.h usability
configure:17935: gcc -c -I/opt/homebrew/include  conftest.c >&5
configure:17942: $? = 0
configure:17956: result: yes
configure:17960: checking argtable2.h presence
configure:17975: gcc -E  conftest.c
conftest.c:45:10: fatal error: 'argtable2.h' file not found
#include <argtable2.h>
         ^~~~~~~~~~~~~
1 error generated.
configure:17982: $? = 1
configure: failed program was:
| /* confdefs.h.  */
| #define PACKAGE_NAME "Clustal Omega"
| #define PACKAGE_TARNAME "clustal-omega"
| #define PACKAGE_VERSION "1.2.4"
| #define PACKAGE_STRING "Clustal Omega 1.2.4"
| #define PACKAGE_BUGREPORT "clustalw@ucd.ie"
| #define PACKAGE "clustal-omega"
| #define VERSION "1.2.4"
| #define STDC_HEADERS 1
| #define HAVE_SYS_TYPES_H 1
| #define HAVE_SYS_STAT_H 1
| #define HAVE_STDLIB_H 1
| #define HAVE_STRING_H 1
| #define HAVE_MEMORY_H 1
| #define HAVE_STRINGS_H 1
| #define HAVE_INTTYPES_H 1
| #define HAVE_STDINT_H 1
| #define HAVE_UNISTD_H 1
| #define __EXTENSIONS__ 1
| #define _ALL_SOURCE 1
| #define _GNU_SOURCE 1
| #define _POSIX_PTHREAD_SEMANTICS 1
| #define _TANDEM_SOURCE 1
| #define HAVE_DLFCN_H 1
| #define LT_OBJDIR ".libs/"
| #define CLUSTALO 1
| #define PACKAGE_CODENAME "AndreaGiacomo"
| #define DARWIN 1
| #define STDC_HEADERS 1
| #define HAVE_ASSERT_H 1
| #define HAVE_CTYPE_H 1
| #define HAVE_FLOAT_H 1
| #define HAVE_LIMITS_H 1
| #define HAVE_MATH_H 1
| #define HAVE_MEMORY_H 1
| #define HAVE_STDARG_H 1
| #define HAVE_STDIO_H 1
| #define HAVE_STDLIB_H 1
| #define HAVE_STRING_H 1
| #define HAVE_TIME_H 1
| #define HAVE_UNISTD_H 1
| #define HAVE_LIBM 1
| #define HAVE_LOG2 1
| /* end confdefs.h.  */
| #include <argtable2.h>
configure:17996: result: no
configure:18002: WARNING: argtable2.h: accepted by the compiler, rejected by the preprocessor!
configure:18004: WARNING: argtable2.h: proceeding with the compiler's result
configure:18029: checking for argtable2.h
configure:18038: result: yes
configure:18058: checking for arg_parse in -largtable2
configure:18093: gcc -o conftest -I/opt/homebrew/include  -L/opt/homebrew/lib conftest.c -largtable2  -lm  >&5
configure:18100: $? = 0
configure:18121: result: yes
configure:18274: checking for OpenMP flag of C compiler
configure:18320: gcc -o conftest -I/opt/homebrew/include -fopenmp  -L/opt/homebrew/lib conftest.c -largtable2 -lm  >&5
clang: error: unsupported option '-fopenmp'
clang: error: unsupported option '-fopenmp'
configure:18327: $? = 1
configure: failed program was:
| /* confdefs.h.  */
| #define PACKAGE_NAME "Clustal Omega"
| #define PACKAGE_TARNAME "clustal-omega"
| #define PACKAGE_VERSION "1.2.4"
| #define PACKAGE_STRING "Clustal Omega 1.2.4"
| #define PACKAGE_BUGREPORT "clustalw@ucd.ie"
| #define PACKAGE "clustal-omega"
| #define VERSION "1.2.4"
| #define STDC_HEADERS 1
| #define HAVE_SYS_TYPES_H 1
| #define HAVE_SYS_STAT_H 1
| #define HAVE_STDLIB_H 1
| #define HAVE_STRING_H 1
| #define HAVE_MEMORY_H 1
| #define HAVE_STRINGS_H 1
| #define HAVE_INTTYPES_H 1
| #define HAVE_STDINT_H 1
| #define HAVE_UNISTD_H 1
| #define __EXTENSIONS__ 1
| #define _ALL_SOURCE 1
| #define _GNU_SOURCE 1
| #define _POSIX_PTHREAD_SEMANTICS 1
| #define _TANDEM_SOURCE 1
| #define HAVE_DLFCN_H 1
| #define LT_OBJDIR ".libs/"
| #define CLUSTALO 1
| #define PACKAGE_CODENAME "AndreaGiacomo"
| #define DARWIN 1
| #define STDC_HEADERS 1
| #define HAVE_ASSERT_H 1
| #define HAVE_CTYPE_H 1
| #define HAVE_FLOAT_H 1
| #define HAVE_LIMITS_H 1
| #define HAVE_MATH_H 1
| #define HAVE_MEMORY_H 1
| #define HAVE_STDARG_H 1
| #define HAVE_STDIO_H 1
| #define HAVE_STDLIB_H 1
| #define HAVE_STRING_H 1
| #define HAVE_TIME_H 1
| #define HAVE_UNISTD_H 1
| #define HAVE_LIBM 1
| #define HAVE_LOG2 1
| #define HAVE_ARGTABLE2_H 1
| #define HAVE_LIBARGTABLE2 1
| /* end confdefs.h.  */
| 
| /* Override any GCC internal prototype to avoid an error.
|    Use char because int might match the return type of a GCC
|    builtin and then its argument prototype would still apply.  */
| #ifdef __cplusplus
| extern "C"
| #endif
| char omp_set_num_threads ();
| int
| main ()
| {
| return omp_set_num_threads ();
|   ;
|   return 0;
| }
configure:18320: gcc -o conftest -I/opt/homebrew/include -openmp  -L/opt/homebrew/lib conftest.c -largtable2 -lm  >&5
ld: Undefined symbols:
  _omp_set_num_threads, referenced from:
      _main in conftest-5c4f58.o
clang: error: linker command failed with exit code 1 (use -v to see invocation)
configure:18327: $? = 1
configure: failed program was:
| /* confdefs.h.  */
| #define PACKAGE_NAME "Clustal Omega"
| #define PACKAGE_TARNAME "clustal-omega"
| #define PACKAGE_VERSION "1.2.4"
| #define PACKAGE_STRING "Clustal Omega 1.2.4"
| #define PACKAGE_BUGREPORT "clustalw@ucd.ie"
| #define PACKAGE "clustal-omega"
| #define VERSION "1.2.4"
| #define STDC_HEADERS 1
| #define HAVE_SYS_TYPES_H 1
| #define HAVE_SYS_STAT_H 1
| #define HAVE_STDLIB_H 1
| #define HAVE_STRING_H 1
| #define HAVE_MEMORY_H 1
| #define HAVE_STRINGS_H 1
| #define HAVE_INTTYPES_H 1
| #define HAVE_STDINT_H 1
| #define HAVE_UNISTD_H 1
| #define __EXTENSIONS__ 1
| #define _ALL_SOURCE 1
| #define _GNU_SOURCE 1
| #define _POSIX_PTHREAD_SEMANTICS 1
| #define _TANDEM_SOURCE 1
| #define HAVE_DLFCN_H 1
| #define LT_OBJDIR ".libs/"
| #define CLUSTALO 1
| #define PACKAGE_CODENAME "AndreaGiacomo"
| #define DARWIN 1
| #define STDC_HEADERS 1
| #define HAVE_ASSERT_H 1
| #define HAVE_CTYPE_H 1
| #define HAVE_FLOAT_H 1
| #define HAVE_LIMITS_H 1
| #define HAVE_MATH_H 1
| #define HAVE_MEMORY_H 1
| #define HAVE_STDARG_H 1
| #define HAVE_STDIO_H 1
| #define HAVE_STDLIB_H 1
| #define HAVE_STRING_H 1
| #define HAVE_TIME_H 1
| #define HAVE_UNISTD_H 1
| #define HAVE_LIBM 1
| #define HAVE_LOG2 1
| #define HAVE_ARGTABLE2_H 1
| #define HAVE_LIBARGTABLE2 1
| /* end confdefs.h.  */
| 
| /* Override any GCC internal prototype to avoid an error.
|    Use char because int might match the return type of a GCC
|    builtin and then its argument prototype would still apply.  */
| #ifdef __cplusplus
| extern "C"
| #endif
| char omp_set_num_threads ();
| int
| main ()
| {
| return omp_set_num_threads ();
|   ;
|   return 0;
| }
configure:18320: gcc -o conftest -I/opt/homebrew/include -mp  -L/opt/homebrew/lib conftest.c -largtable2 -lm  >&5
clang: error: unknown argument: '-mp'
configure:18327: $? = 1
configure: failed program was:
| /* confdefs.h.  */
| #define PACKAGE_NAME "Clustal Omega"
| #define PACKAGE_TARNAME "clustal-omega"
| #define PACKAGE_VERSION "1.2.4"
| #define PACKAGE_STRING "Clustal Omega 1.2.4"
| #define PACKAGE_BUGREPORT "clustalw@ucd.ie"
| #define PACKAGE "clustal-omega"
| #define VERSION "1.2.4"
| #define STDC_HEADERS 1
| #define HAVE_SYS_TYPES_H 1
| #define HAVE_SYS_STAT_H 1
| #define HAVE_STDLIB_H 1
| #define HAVE_STRING_H 1
| #define HAVE_MEMORY_H 1
| #define HAVE_STRINGS_H 1
| #define HAVE_INTTYPES_H 1
| #define HAVE_STDINT_H 1
| #define HAVE_UNISTD_H 1
| #define __EXTENSIONS__ 1
| #define _ALL_SOURCE 1
| #define _GNU_SOURCE 1
| #define _POSIX_PTHREAD_SEMANTICS 1
| #define _TANDEM_SOURCE 1
| #define HAVE_DLFCN_H 1
| #define LT_OBJDIR ".libs/"
| #define CLUSTALO 1
| #define PACKAGE_CODENAME "AndreaGiacomo"
| #define DARWIN 1
| #define STDC_HEADERS 1
| #define HAVE_ASSERT_H 1
| #define HAVE_CTYPE_H 1
| #define HAVE_FLOAT_H 1
| #define HAVE_LIMITS_H 1
| #define HAVE_MATH_H 1
| #define HAVE_MEMORY_H 1
| #define HAVE_STDARG_H 1
| #define HAVE_STDIO_H 1
| #define HAVE_STDLIB_H 1
| #define HAVE_STRING_H 1
| #define HAVE_TIME_H 1
| #define HAVE_UNISTD_H 1
| #define HAVE_LIBM 1
| #define HAVE_LOG2 1
| #define HAVE_ARGTABLE2_H 1
| #define HAVE_LIBARGTABLE2 1
| /* end confdefs.h.  */
| 
| /* Override any GCC internal prototype to avoid an error.
|    Use char because int might match the return type of a GCC
|    builtin and then its argument prototype would still apply.  */
| #ifdef __cplusplus
| extern "C"
| #endif
| char omp_set_num_threads ();
| int
| main ()
| {
| return omp_set_num_threads ();
|   ;
|   return 0;
| }
configure:18320: gcc -o conftest -I/opt/homebrew/include -xopenmp  -L/opt/homebrew/lib conftest.c -largtable2 -lm  >&5
clang: error: language not recognized: 'openmp'
configure:18327: $? = 1
configure: failed program was:
| /* confdefs.h.  */
| #define PACKAGE_NAME "Clustal Omega"
| #define PACKAGE_TARNAME "clustal-omega"
| #define PACKAGE_VERSION "1.2.4"
| #define PACKAGE_STRING "Clustal Omega 1.2.4"
| #define PACKAGE_BUGREPORT "clustalw@ucd.ie"
| #define PACKAGE "clustal-omega"
| #define VERSION "1.2.4"
| #define STDC_HEADERS 1
| #define HAVE_SYS_TYPES_H 1
| #define HAVE_SYS_STAT_H 1
| #define HAVE_STDLIB_H 1
| #define HAVE_STRING_H 1
| #define HAVE_MEMORY_H 1
| #define HAVE_STRINGS_H 1
| #define HAVE_INTTYPES_H 1
| #define HAVE_STDINT_H 1
| #define HAVE_UNISTD_H 1
| #define __EXTENSIONS__ 1
| #define _ALL_SOURCE 1
| #define _GNU_SOURCE 1
| #define _POSIX_PTHREAD_SEMANTICS 1
| #define _TANDEM_SOURCE 1
| #define HAVE_DLFCN_H 1
| #define LT_OBJDIR ".libs/"
| #define CLUSTALO 1
| #define PACKAGE_CODENAME "AndreaGiacomo"
| #define DARWIN 1
| #define STDC_HEADERS 1
| #define HAVE_ASSERT_H 1
| #define HAVE_CTYPE_H 1
| #define HAVE_FLOAT_H 1
| #define HAVE_LIMITS_H 1
| #define HAVE_MATH_H 1
| #define HAVE_MEMORY_H 1
| #define HAVE_STDARG_H 1
| #define HAVE_STDIO_H 1
| #define HAVE_STDLIB_H 1
| #define HAVE_STRING_H 1
| #define HAVE_TIME_H 1
| #define HAVE_UNISTD_H 1
| #define HAVE_LIBM 1
| #define HAVE_LOG2 1
| #define HAVE_ARGTABLE2_H 1
| #define HAVE_LIBARGTABLE2 1
| /* end confdefs.h.  */
| 
| /* Override any GCC internal prototype to avoid an error.
|    Use char because int might match the return type of a GCC
|    builtin and then its argument prototype would still apply.  */
| #ifdef __cplusplus
| extern "C"
| #endif
| char omp_set_num_threads ();
| int
| main ()
| {
| return omp_set_num_threads ();
|   ;
|   return 0;
| }
configure:18320: gcc -o conftest -I/opt/homebrew/include -omp  -L/opt/homebrew/lib conftest.c -largtable2 -lm  >&5
ld: Undefined symbols:
  _omp_set_num_threads, referenced from:
      _main in conftest-edff31.o
clang: error: linker command failed with exit code 1 (use -v to see invocation)
configure:18327: $? = 1
configure: failed program was:
| /* confdefs.h.  */
| #define PACKAGE_NAME "Clustal Omega"
| #define PACKAGE_TARNAME "clustal-omega"
| #define PACKAGE_VERSION "1.2.4"
| #define PACKAGE_STRING "Clustal Omega 1.2.4"
| #define PACKAGE_BUGREPORT "clustalw@ucd.ie"
| #define PACKAGE "clustal-omega"
| #define VERSION "1.2.4"
| #define STDC_HEADERS 1
| #define HAVE_SYS_TYPES_H 1
| #define HAVE_SYS_STAT_H 1
| #define HAVE_STDLIB_H 1
| #define HAVE_STRING_H 1
| #define HAVE_MEMORY_H 1
| #define HAVE_STRINGS_H 1
| #define HAVE_INTTYPES_H 1
| #define HAVE_STDINT_H 1
| #define HAVE_UNISTD_H 1
| #define __EXTENSIONS__ 1
| #define _ALL_SOURCE 1
| #define _GNU_SOURCE 1
| #define _POSIX_PTHREAD_SEMANTICS 1
| #define _TANDEM_SOURCE 1
| #define HAVE_DLFCN_H 1
| #define LT_OBJDIR ".libs/"
| #define CLUSTALO 1
| #define PACKAGE_CODENAME "AndreaGiacomo"
| #define DARWIN 1
| #define STDC_HEADERS 1
| #define HAVE_ASSERT_H 1
| #define HAVE_CTYPE_H 1
| #define HAVE_FLOAT_H 1
| #define HAVE_LIMITS_H 1
| #define HAVE_MATH_H 1
| #define HAVE_MEMORY_H 1
| #define HAVE_STDARG_H 1
| #define HAVE_STDIO_H 1
| #define HAVE_STDLIB_H 1
| #define HAVE_STRING_H 1
| #define HAVE_TIME_H 1
| #define HAVE_UNISTD_H 1
| #define HAVE_LIBM 1
| #define HAVE_LOG2 1
| #define HAVE_ARGTABLE2_H 1
| #define HAVE_LIBARGTABLE2 1
| /* end confdefs.h.  */
| 
| /* Override any GCC internal prototype to avoid an error.
|    Use char because int might match the return type of a GCC
|    builtin and then its argument prototype would still apply.  */
| #ifdef __cplusplus
| extern "C"
| #endif
| char omp_set_num_threads ();
| int
| main ()
| {
| return omp_set_num_threads ();
|   ;
|   return 0;
| }
configure:18320: gcc -o conftest -I/opt/homebrew/include -qsmp=omp  -L/opt/homebrew/lib conftest.c -largtable2 -lm  >&5
clang: error: unknown argument: '-qsmp=omp'
configure:18327: $? = 1
configure: failed program was:
| /* confdefs.h.  */
| #define PACKAGE_NAME "Clustal Omega"
| #define PACKAGE_TARNAME "clustal-omega"
| #define PACKAGE_VERSION "1.2.4"
| #define PACKAGE_STRING "Clustal Omega 1.2.4"
| #define PACKAGE_BUGREPORT "clustalw@ucd.ie"
| #define PACKAGE "clustal-omega"
| #define VERSION "1.2.4"
| #define STDC_HEADERS 1
| #define HAVE_SYS_TYPES_H 1
| #define HAVE_SYS_STAT_H 1
| #define HAVE_STDLIB_H 1
| #define HAVE_STRING_H 1
| #define HAVE_MEMORY_H 1
| #define HAVE_STRINGS_H 1
| #define HAVE_INTTYPES_H 1
| #define HAVE_STDINT_H 1
| #define HAVE_UNISTD_H 1
| #define __EXTENSIONS__ 1
| #define _ALL_SOURCE 1
| #define _GNU_SOURCE 1
| #define _POSIX_PTHREAD_SEMANTICS 1
| #define _TANDEM_SOURCE 1
| #define HAVE_DLFCN_H 1
| #define LT_OBJDIR ".libs/"
| #define CLUSTALO 1
| #define PACKAGE_CODENAME "AndreaGiacomo"
| #define DARWIN 1
| #define STDC_HEADERS 1
| #define HAVE_ASSERT_H 1
| #define HAVE_CTYPE_H 1
| #define HAVE_FLOAT_H 1
| #define HAVE_LIMITS_H 1
| #define HAVE_MATH_H 1
| #define HAVE_MEMORY_H 1
| #define HAVE_STDARG_H 1
| #define HAVE_STDIO_H 1
| #define HAVE_STDLIB_H 1
| #define HAVE_STRING_H 1
| #define HAVE_TIME_H 1
| #define HAVE_UNISTD_H 1
| #define HAVE_LIBM 1
| #define HAVE_LOG2 1
| #define HAVE_ARGTABLE2_H 1
| #define HAVE_LIBARGTABLE2 1
| /* end confdefs.h.  */
| 
| /* Override any GCC internal prototype to avoid an error.
|    Use char because int might match the return type of a GCC
|    builtin and then its argument prototype would still apply.  */
| #ifdef __cplusplus
| extern "C"
| #endif
| char omp_set_num_threads ();
| int
| main ()
| {
| return omp_set_num_threads ();
|   ;
|   return 0;
| }
configure:18320: gcc -o conftest   -L/opt/homebrew/lib conftest.c -largtable2 -lm  >&5
ld: Undefined symbols:
  _omp_set_num_threads, referenced from:
      _main in conftest-52ca80.o
clang: error: linker command failed with exit code 1 (use -v to see invocation)
configure:18327: $? = 1
configure: failed program was:
| /* confdefs.h.  */
| #define PACKAGE_NAME "Clustal Omega"
| #define PACKAGE_TARNAME "clustal-omega"
| #define PACKAGE_VERSION "1.2.4"
| #define PACKAGE_STRING "Clustal Omega 1.2.4"
| #define PACKAGE_BUGREPORT "clustalw@ucd.ie"
| #define PACKAGE "clustal-omega"
| #define VERSION "1.2.4"
| #define STDC_HEADERS 1
| #define HAVE_SYS_TYPES_H 1
| #define HAVE_SYS_STAT_H 1
| #define HAVE_STDLIB_H 1
| #define HAVE_STRING_H 1
| #define HAVE_MEMORY_H 1
| #define HAVE_STRINGS_H 1
| #define HAVE_INTTYPES_H 1
| #define HAVE_STDINT_H 1
| #define HAVE_UNISTD_H 1
| #define __EXTENSIONS__ 1
| #define _ALL_SOURCE 1
| #define _GNU_SOURCE 1
| #define _POSIX_PTHREAD_SEMANTICS 1
| #define _TANDEM_SOURCE 1
| #define HAVE_DLFCN_H 1
| #define LT_OBJDIR ".libs/"
| #define CLUSTALO 1
| #define PACKAGE_CODENAME "AndreaGiacomo"
| #define DARWIN 1
| #define STDC_HEADERS 1
| #define HAVE_ASSERT_H 1
| #define HAVE_CTYPE_H 1
| #define HAVE_FLOAT_H 1
| #define HAVE_LIMITS_H 1
| #define HAVE_MATH_H 1
| #define HAVE_MEMORY_H 1
| #define HAVE_STDARG_H 1
| #define HAVE_STDIO_H 1
| #define HAVE_STDLIB_H 1
| #define HAVE_STRING_H 1
| #define HAVE_TIME_H 1
| #define HAVE_UNISTD_H 1
| #define HAVE_LIBM 1
| #define HAVE_LOG2 1
| #define HAVE_ARGTABLE2_H 1
| #define HAVE_LIBARGTABLE2 1
| /* end confdefs.h.  */
| 
| /* Override any GCC internal prototype to avoid an error.
|    Use char because int might match the return type of a GCC
|    builtin and then its argument prototype would still apply.  */
| #ifdef __cplusplus
| extern "C"
| #endif
| char omp_set_num_threads ();
| int
| main ()
| {
| return omp_set_num_threads ();
|   ;
|   return 0;
| }
configure:18350: result: unknown
configure:18399: checking whether byte ordering is bigendian
configure:18424: gcc -c -I/opt/homebrew/include  conftest.c >&5
configure:18431: $? = 0
configure:18481: gcc -c -I/opt/homebrew/include  conftest.c >&5
configure:18488: $? = 0
configure:18520: gcc -c -I/opt/homebrew/include  conftest.c >&5
conftest.c:54:4: error: use of undeclared identifier 'not'
                 not big endian
                 ^
1 error generated.
configure:18527: $? = 1
configure: failed program was:
| /* confdefs.h.  */
| #define PACKAGE_NAME "Clustal Omega"
| #define PACKAGE_TARNAME "clustal-omega"
| #define PACKAGE_VERSION "1.2.4"
| #define PACKAGE_STRING "Clustal Omega 1.2.4"
| #define PACKAGE_BUGREPORT "clustalw@ucd.ie"
| #define PACKAGE "clustal-omega"
| #define VERSION "1.2.4"
| #define STDC_HEADERS 1
| #define HAVE_SYS_TYPES_H 1
| #define HAVE_SYS_STAT_H 1
| #define HAVE_STDLIB_H 1
| #define HAVE_STRING_H 1
| #define HAVE_MEMORY_H 1
| #define HAVE_STRINGS_H 1
| #define HAVE_INTTYPES_H 1
| #define HAVE_STDINT_H 1
| #define HAVE_UNISTD_H 1
| #define __EXTENSIONS__ 1
| #define _ALL_SOURCE 1
| #define _GNU_SOURCE 1
| #define _POSIX_PTHREAD_SEMANTICS 1
| #define _TANDEM_SOURCE 1
| #define HAVE_DLFCN_H 1
| #define LT_OBJDIR ".libs/"
| #define CLUSTALO 1
| #define PACKAGE_CODENAME "AndreaGiacomo"
| #define DARWIN 1
| #define STDC_HEADERS 1
| #define HAVE_ASSERT_H 1
| #define HAVE_CTYPE_H 1
| #define HAVE_FLOAT_H 1
| #define HAVE_LIMITS_H 1
| #define HAVE_MATH_H 1
| #define HAVE_MEMORY_H 1
| #define HAVE_STDARG_H 1
| #define HAVE_STDIO_H 1
| #define HAVE_STDLIB_H 1
| #define HAVE_STRING_H 1
| #define HAVE_TIME_H 1
| #define HAVE_UNISTD_H 1
| #define HAVE_LIBM 1
| #define HAVE_LOG2 1
| #define HAVE_ARGTABLE2_H 1
| #define HAVE_LIBARGTABLE2 1
| /* end confdefs.h.  */
| #include <sys/types.h>
| 		#include <sys/param.h>
| 
| int
| main ()
| {
| #if BYTE_ORDER != BIG_ENDIAN
| 		 not big endian
| 		#endif
| 
|   ;
|   return 0;
| }
configure:18779: result: no
configure:18809: checking for ntohs
configure:18865: gcc -o conftest -I/opt/homebrew/include  -L/opt/homebrew/lib conftest.c -largtable2 -lm  >&5
configure:18872: $? = 0
configure:18894: result: yes
configure:18809: checking for ntohl
configure:18865: gcc -o conftest -I/opt/homebrew/include  -L/opt/homebrew/lib conftest.c -largtable2 -lm  >&5
configure:18872: $? = 0
configure:18894: result: yes
configure:18809: checking for ntons
configure:18865: gcc -o conftest -I/opt/homebrew/include  -L/opt/homebrew/lib conftest.c -largtable2 -lm  >&5
ld: Undefined symbols:
  _ntons, referenced from:
      _main in conftest-7044fb.o
clang: error: linker command failed with exit code 1 (use -v to see invocation)
configure:18872: $? = 1
configure: failed program was:
| /* confdefs.h.  */
| #define PACKAGE_NAME "Clustal Omega"
| #define PACKAGE_TARNAME "clustal-omega"
| #define PACKAGE_VERSION "1.2.4"
| #define PACKAGE_STRING "Clustal Omega 1.2.4"
| #define PACKAGE_BUGREPORT "clustalw@ucd.ie"
| #define PACKAGE "clustal-omega"
| #define VERSION "1.2.4"
| #define STDC_HEADERS 1
| #define HAVE_SYS_TYPES_H 1
| #define HAVE_SYS_STAT_H 1
| #define HAVE_STDLIB_H 1
| #define HAVE_STRING_H 1
| #define HAVE_MEMORY_H 1
| #define HAVE_STRINGS_H 1
| #define HAVE_INTTYPES_H 1
| #define HAVE_STDINT_H 1
| #define HAVE_UNISTD_H 1
| #define __EXTENSIONS__ 1
| #define _ALL_SOURCE 1
| #define _GNU_SOURCE 1
| #define _POSIX_PTHREAD_SEMANTICS 1
| #define _TANDEM_SOURCE 1
| #define HAVE_DLFCN_H 1
| #define LT_OBJDIR ".libs/"
| #define CLUSTALO 1
| #define PACKAGE_CODENAME "AndreaGiacomo"
| #define DARWIN 1
| #define STDC_HEADERS 1
| #define HAVE_ASSERT_H 1
| #define HAVE_CTYPE_H 1
| #define HAVE_FLOAT_H 1
| #define HAVE_LIMITS_H 1
| #define HAVE_MATH_H 1
| #define HAVE_MEMORY_H 1
| #define HAVE_STDARG_H 1
| #define HAVE_STDIO_H 1
| #define HAVE_STDLIB_H 1
| #define HAVE_STRING_H 1
| #define HAVE_TIME_H 1
| #define HAVE_UNISTD_H 1
| #define HAVE_LIBM 1
| #define HAVE_LOG2 1
| #define HAVE_ARGTABLE2_H 1
| #define HAVE_LIBARGTABLE2 1
| #define HAVE_NTOHS 1
| #define HAVE_NTOHL 1
| /* end confdefs.h.  */
| /* Define ntons to an innocuous variant, in case <limits.h> declares ntons.
|    For example, HP-UX 11i <limits.h> declares gettimeofday.  */
| #define ntons innocuous_ntons
| 
| /* System header to define __stub macros and hopefully few prototypes,
|     which can conflict with char ntons (); below.
|     Prefer <limits.h> to <assert.h> if __STDC__ is defined, since
|     <limits.h> exists even on freestanding compilers.  */
| 
| #ifdef __STDC__
| # include <limits.h>
| #else
| # include <assert.h>
| #endif
| 
| #undef ntons
| 
| /* Override any GCC internal prototype to avoid an error.
|    Use char because int might match the return type of a GCC
|    builtin and then its argument prototype would still apply.  */
| #ifdef __cplusplus
| extern "C"
| #endif
| char ntons ();
| /* The GNU C library defines this for functions which it implements
|     to always fail with ENOSYS.  Some functions are actually named
|     something starting with __ and the normal name is an alias.  */
| #if defined __stub_ntons || defined __stub___ntons
| choke me
| #endif
| 
| int
| main ()
| {
| return ntons ();
|   ;
|   return 0;
| }
configure:18894: result: no
configure:18809: checking for ntonl
configure:18865: gcc -o conftest -I/opt/homebrew/include  -L/opt/homebrew/lib conftest.c -largtable2 -lm  >&5
ld: Undefined symbols:
  _ntonl, referenced from:
      _main in conftest-08be1a.o
clang: error: linker command failed with exit code 1 (use -v to see invocation)
configure:18872: $? = 1
configure: failed program was:
| /* confdefs.h.  */
| #define PACKAGE_NAME "Clustal Omega"
| #define PACKAGE_TARNAME "clustal-omega"
| #define PACKAGE_VERSION "1.2.4"
| #define PACKAGE_STRING "Clustal Omega 1.2.4"
| #define PACKAGE_BUGREPORT "clustalw@ucd.ie"
| #define PACKAGE "clustal-omega"
| #define VERSION "1.2.4"
| #define STDC_HEADERS 1
| #define HAVE_SYS_TYPES_H 1
| #define HAVE_SYS_STAT_H 1
| #define HAVE_STDLIB_H 1
| #define HAVE_STRING_H 1
| #define HAVE_MEMORY_H 1
| #define HAVE_STRINGS_H 1
| #define HAVE_INTTYPES_H 1
| #define HAVE_STDINT_H 1
| #define HAVE_UNISTD_H 1
| #define __EXTENSIONS__ 1
| #define _ALL_SOURCE 1
| #define _GNU_SOURCE 1
| #define _POSIX_PTHREAD_SEMANTICS 1
| #define _TANDEM_SOURCE 1
| #define HAVE_DLFCN_H 1
| #define LT_OBJDIR ".libs/"
| #define CLUSTALO 1
| #define PACKAGE_CODENAME "AndreaGiacomo"
| #define DARWIN 1
| #define STDC_HEADERS 1
| #define HAVE_ASSERT_H 1
| #define HAVE_CTYPE_H 1
| #define HAVE_FLOAT_H 1
| #define HAVE_LIMITS_H 1
| #define HAVE_MATH_H 1
| #define HAVE_MEMORY_H 1
| #define HAVE_STDARG_H 1
| #define HAVE_STDIO_H 1
| #define HAVE_STDLIB_H 1
| #define HAVE_STRING_H 1
| #define HAVE_TIME_H 1
| #define HAVE_UNISTD_H 1
| #define HAVE_LIBM 1
| #define HAVE_LOG2 1
| #define HAVE_ARGTABLE2_H 1
| #define HAVE_LIBARGTABLE2 1
| #define HAVE_NTOHS 1
| #define HAVE_NTOHL 1
| /* end confdefs.h.  */
| /* Define ntonl to an innocuous variant, in case <limits.h> declares ntonl.
|    For example, HP-UX 11i <limits.h> declares gettimeofday.  */
| #define ntonl innocuous_ntonl
| 
| /* System header to define __stub macros and hopefully few prototypes,
|     which can conflict with char ntonl (); below.
|     Prefer <limits.h> to <assert.h> if __STDC__ is defined, since
|     <limits.h> exists even on freestanding compilers.  */
| 
| #ifdef __STDC__
| # include <limits.h>
| #else
| # include <assert.h>
| #endif
| 
| #undef ntonl
| 
| /* Override any GCC internal prototype to avoid an error.
|    Use char because int might match the return type of a GCC
|    builtin and then its argument prototype would still apply.  */
| #ifdef __cplusplus
| extern "C"
| #endif
| char ntonl ();
| /* The GNU C library defines this for functions which it implements
|     to always fail with ENOSYS.  Some functions are actually named
|     something starting with __ and the normal name is an alias.  */
| #if defined __stub_ntonl || defined __stub___ntonl
| choke me
| #endif
| 
| int
| main ()
| {
| return ntonl ();
|   ;
|   return 0;
| }
configure:18894: result: no
configure:18911: checking size of unsigned short
configure:19216: gcc -o conftest -I/opt/homebrew/include  -L/opt/homebrew/lib conftest.c -largtable2 -lm  >&5
configure:19220: $? = 0
configure:19226: ./conftest
configure:19230: $? = 0
configure:19256: result: 2
configure:19270: checking size of unsigned int
configure:19575: gcc -o conftest -I/opt/homebrew/include  -L/opt/homebrew/lib conftest.c -largtable2 -lm  >&5
configure:19579: $? = 0
configure:19585: ./conftest
configure:19589: $? = 0
configure:19615: result: 4
configure:19629: checking size of unsigned long
configure:19934: gcc -o conftest -I/opt/homebrew/include  -L/opt/homebrew/lib conftest.c -largtable2 -lm  >&5
configure:19938: $? = 0
configure:19944: ./conftest
configure:19948: $? = 0
configure:19974: result: 8
configure:19988: checking size of unsigned long long
configure:20293: gcc -o conftest -I/opt/homebrew/include  -L/opt/homebrew/lib conftest.c -largtable2 -lm  >&5
configure:20297: $? = 0
configure:20303: ./conftest
configure:20307: $? = 0
configure:20333: result: 8
configure:20349: checking for stroul
configure:20405: gcc -o conftest -I/opt/homebrew/include  -L/opt/homebrew/lib conftest.c -largtable2 -lm  >&5
ld: Undefined symbols:
  _stroul, referenced from:
      _main in conftest-fbe1e7.o
clang: error: linker command failed with exit code 1 (use -v to see invocation)
configure:20412: $? = 1
configure: failed program was:
| /* confdefs.h.  */
| #define PACKAGE_NAME "Clustal Omega"
| #define PACKAGE_TARNAME "clustal-omega"
| #define PACKAGE_VERSION "1.2.4"
| #define PACKAGE_STRING "Clustal Omega 1.2.4"
| #define PACKAGE_BUGREPORT "clustalw@ucd.ie"
| #define PACKAGE "clustal-omega"
| #define VERSION "1.2.4"
| #define STDC_HEADERS 1
| #define HAVE_SYS_TYPES_H 1
| #define HAVE_SYS_STAT_H 1
| #define HAVE_STDLIB_H 1
| #define HAVE_STRING_H 1
| #define HAVE_MEMORY_H 1
| #define HAVE_STRINGS_H 1
| #define HAVE_INTTYPES_H 1
| #define HAVE_STDINT_H 1
| #define HAVE_UNISTD_H 1
| #define __EXTENSIONS__ 1
| #define _ALL_SOURCE 1
| #define _GNU_SOURCE 1
| #define _POSIX_PTHREAD_SEMANTICS 1
| #define _TANDEM_SOURCE 1
| #define HAVE_DLFCN_H 1
| #define LT_OBJDIR ".libs/"
| #define CLUSTALO 1
| #define PACKAGE_CODENAME "AndreaGiacomo"
| #define DARWIN 1
| #define STDC_HEADERS 1
| #define HAVE_ASSERT_H 1
| #define HAVE_CTYPE_H 1
| #define HAVE_FLOAT_H 1
| #define HAVE_LIMITS_H 1
| #define HAVE_MATH_H 1
| #define HAVE_MEMORY_H 1
| #define HAVE_STDARG_H 1
| #define HAVE_STDIO_H 1
| #define HAVE_STDLIB_H 1
| #define HAVE_STRING_H 1
| #define HAVE_TIME_H 1
| #define HAVE_UNISTD_H 1
| #define HAVE_LIBM 1
| #define HAVE_LOG2 1
| #define HAVE_ARGTABLE2_H 1
| #define HAVE_LIBARGTABLE2 1
| #define HAVE_NTOHS 1
| #define HAVE_NTOHL 1
| #define SIZEOF_UNSIGNED_SHORT 2
| #define SIZEOF_UNSIGNED_INT 4
| #define SIZEOF_UNSIGNED_LONG 8
| #define SIZEOF_UNSIGNED_LONG_LONG 8
| /* end confdefs.h.  */
| /* Define stroul to an innocuous variant, in case <limits.h> declares stroul.
|    For example, HP-UX 11i <limits.h> declares gettimeofday.  */
| #define stroul innocuous_stroul
| 
| /* System header to define __stub macros and hopefully few prototypes,
|     which can conflict with char stroul (); below.
|     Prefer <limits.h> to <assert.h> if __STDC__ is defined, since
|     <limits.h> exists even on freestanding compilers.  */
| 
| #ifdef __STDC__
| # include <limits.h>
| #else
| # include <assert.h>
| #endif
| 
| #undef stroul
| 
| /* Override any GCC internal prototype to avoid an error.
|    Use char because int might match the return type of a GCC
|    builtin and then its argument prototype would still apply.  */
| #ifdef __cplusplus
| extern "C"
| #endif
| char stroul ();
| /* The GNU C library defines this for functions which it implements
|     to always fail with ENOSYS.  Some functions are actually named
|     something starting with __ and the normal name is an alias.  */
| #if defined __stub_stroul || defined __stub___stroul
| choke me
| #endif
| 
| int
| main ()
| {
| return stroul ();
|   ;
|   return 0;
| }
configure:20434: result: no
configure:20349: checking for strtoull
configure:20405: gcc -o conftest -I/opt/homebrew/include  -L/opt/homebrew/lib conftest.c -largtable2 -lm  >&5
conftest.c:76:6: warning: incompatible redeclaration of library function 'strtoull' [-Wincompatible-library-redeclaration]
char strtoull ();
     ^
conftest.c:76:6: note: 'strtoull' is a builtin with type 'unsigned long long (const char *, char **, int)'
1 warning generated.
configure:20412: $? = 0
configure:20434: result: yes
configure:20451: checking for ftello
configure:20507: gcc -o conftest -I/opt/homebrew/include  -L/opt/homebrew/lib conftest.c -largtable2 -lm  >&5
configure:20514: $? = 0
configure:20536: result: yes
configure:20451: checking for fseeko
configure:20507: gcc -o conftest -I/opt/homebrew/include  -L/opt/homebrew/lib conftest.c -largtable2 -lm  >&5
configure:20514: $? = 0
configure:20536: result: yes
configure:20553: checking for ftello64
configure:20609: gcc -o conftest -I/opt/homebrew/include  -L/opt/homebrew/lib conftest.c -largtable2 -lm  >&5
ld: Undefined symbols:
  _ftello64, referenced from:
      _main in conftest-826947.o
clang: error: linker command failed with exit code 1 (use -v to see invocation)
configure:20616: $? = 1
configure: failed program was:
| /* confdefs.h.  */
| #define PACKAGE_NAME "Clustal Omega"
| #define PACKAGE_TARNAME "clustal-omega"
| #define PACKAGE_VERSION "1.2.4"
| #define PACKAGE_STRING "Clustal Omega 1.2.4"
| #define PACKAGE_BUGREPORT "clustalw@ucd.ie"
| #define PACKAGE "clustal-omega"
| #define VERSION "1.2.4"
| #define STDC_HEADERS 1
| #define HAVE_SYS_TYPES_H 1
| #define HAVE_SYS_STAT_H 1
| #define HAVE_STDLIB_H 1
| #define HAVE_STRING_H 1
| #define HAVE_MEMORY_H 1
| #define HAVE_STRINGS_H 1
| #define HAVE_INTTYPES_H 1
| #define HAVE_STDINT_H 1
| #define HAVE_UNISTD_H 1
| #define __EXTENSIONS__ 1
| #define _ALL_SOURCE 1
| #define _GNU_SOURCE 1
| #define _POSIX_PTHREAD_SEMANTICS 1
| #define _TANDEM_SOURCE 1
| #define HAVE_DLFCN_H 1
| #define LT_OBJDIR ".libs/"
| #define CLUSTALO 1
| #define PACKAGE_CODENAME "AndreaGiacomo"
| #define DARWIN 1
| #define STDC_HEADERS 1
| #define HAVE_ASSERT_H 1
| #define HAVE_CTYPE_H 1
| #define HAVE_FLOAT_H 1
| #define HAVE_LIMITS_H 1
| #define HAVE_MATH_H 1
| #define HAVE_MEMORY_H 1
| #define HAVE_STDARG_H 1
| #define HAVE_STDIO_H 1
| #define HAVE_STDLIB_H 1
| #define HAVE_STRING_H 1
| #define HAVE_TIME_H 1
| #define HAVE_UNISTD_H 1
| #define HAVE_LIBM 1
| #define HAVE_LOG2 1
| #define HAVE_ARGTABLE2_H 1
| #define HAVE_LIBARGTABLE2 1
| #define HAVE_NTOHS 1
| #define HAVE_NTOHL 1
| #define SIZEOF_UNSIGNED_SHORT 2
| #define SIZEOF_UNSIGNED_INT 4
| #define SIZEOF_UNSIGNED_LONG 8
| #define SIZEOF_UNSIGNED_LONG_LONG 8
| #define HAVE_STRTOULL 1
| #define HAVE_FTELLO 1
| #define HAVE_FSEEKO 1
| /* end confdefs.h.  */
| /* Define ftello64 to an innocuous variant, in case <limits.h> declares ftello64.
|    For example, HP-UX 11i <limits.h> declares gettimeofday.  */
| #define ftello64 innocuous_ftello64
| 
| /* System header to define __stub macros and hopefully few prototypes,
|     which can conflict with char ftello64 (); below.
|     Prefer <limits.h> to <assert.h> if __STDC__ is defined, since
|     <limits.h> exists even on freestanding compilers.  */
| 
| #ifdef __STDC__
| # include <limits.h>
| #else
| # include <assert.h>
| #endif
| 
| #undef ftello64
| 
| /* Override any GCC internal prototype to avoid an error.
|    Use char because int might match the return type of a GCC
|    builtin and then its argument prototype would still apply.  */
| #ifdef __cplusplus
| extern "C"
| #endif
| char ftello64 ();
| /* The GNU C library defines this for functions which it implements
|     to always fail with ENOSYS.  Some functions are actually named
|     something starting with __ and the normal name is an alias.  */
| #if defined __stub_ftello64 || defined __stub___ftello64
| choke me
| #endif
| 
| int
| main ()
| {
| return ftello64 ();
|   ;
|   return 0;
| }
configure:20638: result: no
configure:20553: checking for fseeko64
configure:20609: gcc -o conftest -I/opt/homebrew/include  -L/opt/homebrew/lib conftest.c -largtable2 -lm  >&5
ld: Undefined symbols:
  _fseeko64, referenced from:
      _main in conftest-d8c7b5.o
clang: error: linker command failed with exit code 1 (use -v to see invocation)
configure:20616: $? = 1
configure: failed program was:
| /* confdefs.h.  */
| #define PACKAGE_NAME "Clustal Omega"
| #define PACKAGE_TARNAME "clustal-omega"
| #define PACKAGE_VERSION "1.2.4"
| #define PACKAGE_STRING "Clustal Omega 1.2.4"
| #define PACKAGE_BUGREPORT "clustalw@ucd.ie"
| #define PACKAGE "clustal-omega"
| #define VERSION "1.2.4"
| #define STDC_HEADERS 1
| #define HAVE_SYS_TYPES_H 1
| #define HAVE_SYS_STAT_H 1
| #define HAVE_STDLIB_H 1
| #define HAVE_STRING_H 1
| #define HAVE_MEMORY_H 1
| #define HAVE_STRINGS_H 1
| #define HAVE_INTTYPES_H 1
| #define HAVE_STDINT_H 1
| #define HAVE_UNISTD_H 1
| #define __EXTENSIONS__ 1
| #define _ALL_SOURCE 1
| #define _GNU_SOURCE 1
| #define _POSIX_PTHREAD_SEMANTICS 1
| #define _TANDEM_SOURCE 1
| #define HAVE_DLFCN_H 1
| #define LT_OBJDIR ".libs/"
| #define CLUSTALO 1
| #define PACKAGE_CODENAME "AndreaGiacomo"
| #define DARWIN 1
| #define STDC_HEADERS 1
| #define HAVE_ASSERT_H 1
| #define HAVE_CTYPE_H 1
| #define HAVE_FLOAT_H 1
| #define HAVE_LIMITS_H 1
| #define HAVE_MATH_H 1
| #define HAVE_MEMORY_H 1
| #define HAVE_STDARG_H 1
| #define HAVE_STDIO_H 1
| #define HAVE_STDLIB_H 1
| #define HAVE_STRING_H 1
| #define HAVE_TIME_H 1
| #define HAVE_UNISTD_H 1
| #define HAVE_LIBM 1
| #define HAVE_LOG2 1
| #define HAVE_ARGTABLE2_H 1
| #define HAVE_LIBARGTABLE2 1
| #define HAVE_NTOHS 1
| #define HAVE_NTOHL 1
| #define SIZEOF_UNSIGNED_SHORT 2
| #define SIZEOF_UNSIGNED_INT 4
| #define SIZEOF_UNSIGNED_LONG 8
| #define SIZEOF_UNSIGNED_LONG_LONG 8
| #define HAVE_STRTOULL 1
| #define HAVE_FTELLO 1
| #define HAVE_FSEEKO 1
| /* end confdefs.h.  */
| /* Define fseeko64 to an innocuous variant, in case <limits.h> declares fseeko64.
|    For example, HP-UX 11i <limits.h> declares gettimeofday.  */
| #define fseeko64 innocuous_fseeko64
| 
| /* System header to define __stub macros and hopefully few prototypes,
|     which can conflict with char fseeko64 (); below.
|     Prefer <limits.h> to <assert.h> if __STDC__ is defined, since
|     <limits.h> exists even on freestanding compilers.  */
| 
| #ifdef __STDC__
| # include <limits.h>
| #else
| # include <assert.h>
| #endif
| 
| #undef fseeko64
| 
| /* Override any GCC internal prototype to avoid an error.
|    Use char because int might match the return type of a GCC
|    builtin and then its argument prototype would still apply.  */
| #ifdef __cplusplus
| extern "C"
| #endif
| char fseeko64 ();
| /* The GNU C library defines this for functions which it implements
|     to always fail with ENOSYS.  Some functions are actually named
|     something starting with __ and the normal name is an alias.  */
| #if defined __stub_fseeko64 || defined __stub___fseeko64
| choke me
| #endif
| 
| int
| main ()
| {
| return fseeko64 ();
|   ;
|   return 0;
| }
configure:20638: result: no
configure:20655: checking for ftell64
configure:20711: gcc -o conftest -I/opt/homebrew/include  -L/opt/homebrew/lib conftest.c -largtable2 -lm  >&5
ld: Undefined symbols:
  _ftell64, referenced from:
      _main in conftest-af6943.o
clang: error: linker command failed with exit code 1 (use -v to see invocation)
configure:20718: $? = 1
configure: failed program was:
| /* confdefs.h.  */
| #define PACKAGE_NAME "Clustal Omega"
| #define PACKAGE_TARNAME "clustal-omega"
| #define PACKAGE_VERSION "1.2.4"
| #define PACKAGE_STRING "Clustal Omega 1.2.4"
| #define PACKAGE_BUGREPORT "clustalw@ucd.ie"
| #define PACKAGE "clustal-omega"
| #define VERSION "1.2.4"
| #define STDC_HEADERS 1
| #define HAVE_SYS_TYPES_H 1
| #define HAVE_SYS_STAT_H 1
| #define HAVE_STDLIB_H 1
| #define HAVE_STRING_H 1
| #define HAVE_MEMORY_H 1
| #define HAVE_STRINGS_H 1
| #define HAVE_INTTYPES_H 1
| #define HAVE_STDINT_H 1
| #define HAVE_UNISTD_H 1
| #define __EXTENSIONS__ 1
| #define _ALL_SOURCE 1
| #define _GNU_SOURCE 1
| #define _POSIX_PTHREAD_SEMANTICS 1
| #define _TANDEM_SOURCE 1
| #define HAVE_DLFCN_H 1
| #define LT_OBJDIR ".libs/"
| #define CLUSTALO 1
| #define PACKAGE_CODENAME "AndreaGiacomo"
| #define DARWIN 1
| #define STDC_HEADERS 1
| #define HAVE_ASSERT_H 1
| #define HAVE_CTYPE_H 1
| #define HAVE_FLOAT_H 1
| #define HAVE_LIMITS_H 1
| #define HAVE_MATH_H 1
| #define HAVE_MEMORY_H 1
| #define HAVE_STDARG_H 1
| #define HAVE_STDIO_H 1
| #define HAVE_STDLIB_H 1
| #define HAVE_STRING_H 1
| #define HAVE_TIME_H 1
| #define HAVE_UNISTD_H 1
| #define HAVE_LIBM 1
| #define HAVE_LOG2 1
| #define HAVE_ARGTABLE2_H 1
| #define HAVE_LIBARGTABLE2 1
| #define HAVE_NTOHS 1
| #define HAVE_NTOHL 1
| #define SIZEOF_UNSIGNED_SHORT 2
| #define SIZEOF_UNSIGNED_INT 4
| #define SIZEOF_UNSIGNED_LONG 8
| #define SIZEOF_UNSIGNED_LONG_LONG 8
| #define HAVE_STRTOULL 1
| #define HAVE_FTELLO 1
| #define HAVE_FSEEKO 1
| /* end confdefs.h.  */
| /* Define ftell64 to an innocuous variant, in case <limits.h> declares ftell64.
|    For example, HP-UX 11i <limits.h> declares gettimeofday.  */
| #define ftell64 innocuous_ftell64
| 
| /* System header to define __stub macros and hopefully few prototypes,
|     which can conflict with char ftell64 (); below.
|     Prefer <limits.h> to <assert.h> if __STDC__ is defined, since
|     <limits.h> exists even on freestanding compilers.  */
| 
| #ifdef __STDC__
| # include <limits.h>
| #else
| # include <assert.h>
| #endif
| 
| #undef ftell64
| 
| /* Override any GCC internal prototype to avoid an error.
|    Use char because int might match the return type of a GCC
|    builtin and then its argument prototype would still apply.  */
| #ifdef __cplusplus
| extern "C"
| #endif
| char ftell64 ();
| /* The GNU C library defines this for functions which it implements
|     to always fail with ENOSYS.  Some functions are actually named
|     something starting with __ and the normal name is an alias.  */
| #if defined __stub_ftell64 || defined __stub___ftell64
| choke me
| #endif
| 
| int
| main ()
| {
| return ftell64 ();
|   ;
|   return 0;
| }
configure:20740: result: no
configure:20655: checking for fseek64
configure:20711: gcc -o conftest -I/opt/homebrew/include  -L/opt/homebrew/lib conftest.c -largtable2 -lm  >&5
ld: Undefined symbols:
  _fseek64, referenced from:
      _main in conftest-d8c977.o
clang: error: linker command failed with exit code 1 (use -v to see invocation)
configure:20718: $? = 1
configure: failed program was:
| /* confdefs.h.  */
| #define PACKAGE_NAME "Clustal Omega"
| #define PACKAGE_TARNAME "clustal-omega"
| #define PACKAGE_VERSION "1.2.4"
| #define PACKAGE_STRING "Clustal Omega 1.2.4"
| #define PACKAGE_BUGREPORT "clustalw@ucd.ie"
| #define PACKAGE "clustal-omega"
| #define VERSION "1.2.4"
| #define STDC_HEADERS 1
| #define HAVE_SYS_TYPES_H 1
| #define HAVE_SYS_STAT_H 1
| #define HAVE_STDLIB_H 1
| #define HAVE_STRING_H 1
| #define HAVE_MEMORY_H 1
| #define HAVE_STRINGS_H 1
| #define HAVE_INTTYPES_H 1
| #define HAVE_STDINT_H 1
| #define HAVE_UNISTD_H 1
| #define __EXTENSIONS__ 1
| #define _ALL_SOURCE 1
| #define _GNU_SOURCE 1
| #define _POSIX_PTHREAD_SEMANTICS 1
| #define _TANDEM_SOURCE 1
| #define HAVE_DLFCN_H 1
| #define LT_OBJDIR ".libs/"
| #define CLUSTALO 1
| #define PACKAGE_CODENAME "AndreaGiacomo"
| #define DARWIN 1
| #define STDC_HEADERS 1
| #define HAVE_ASSERT_H 1
| #define HAVE_CTYPE_H 1
| #define HAVE_FLOAT_H 1
| #define HAVE_LIMITS_H 1
| #define HAVE_MATH_H 1
| #define HAVE_MEMORY_H 1
| #define HAVE_STDARG_H 1
| #define HAVE_STDIO_H 1
| #define HAVE_STDLIB_H 1
| #define HAVE_STRING_H 1
| #define HAVE_TIME_H 1
| #define HAVE_UNISTD_H 1
| #define HAVE_LIBM 1
| #define HAVE_LOG2 1
| #define HAVE_ARGTABLE2_H 1
| #define HAVE_LIBARGTABLE2 1
| #define HAVE_NTOHS 1
| #define HAVE_NTOHL 1
| #define SIZEOF_UNSIGNED_SHORT 2
| #define SIZEOF_UNSIGNED_INT 4
| #define SIZEOF_UNSIGNED_LONG 8
| #define SIZEOF_UNSIGNED_LONG_LONG 8
| #define HAVE_STRTOULL 1
| #define HAVE_FTELLO 1
| #define HAVE_FSEEKO 1
| /* end confdefs.h.  */
| /* Define fseek64 to an innocuous variant, in case <limits.h> declares fseek64.
|    For example, HP-UX 11i <limits.h> declares gettimeofday.  */
| #define fseek64 innocuous_fseek64
| 
| /* System header to define __stub macros and hopefully few prototypes,
|     which can conflict with char fseek64 (); below.
|     Prefer <limits.h> to <assert.h> if __STDC__ is defined, since
|     <limits.h> exists even on freestanding compilers.  */
| 
| #ifdef __STDC__
| # include <limits.h>
| #else
| # include <assert.h>
| #endif
| 
| #undef fseek64
| 
| /* Override any GCC internal prototype to avoid an error.
|    Use char because int might match the return type of a GCC
|    builtin and then its argument prototype would still apply.  */
| #ifdef __cplusplus
| extern "C"
| #endif
| char fseek64 ();
| /* The GNU C library defines this for functions which it implements
|     to always fail with ENOSYS.  Some functions are actually named
|     something starting with __ and the normal name is an alias.  */
| #if defined __stub_fseek64 || defined __stub___fseek64
| choke me
| #endif
| 
| int
| main ()
| {
| return fseek64 ();
|   ;
|   return 0;
| }
configure:20740: result: no
configure:20753: checking for off_t
configure:20781: gcc -c -I/opt/homebrew/include  conftest.c >&5
configure:20788: $? = 0
configure:20815: gcc -c -I/opt/homebrew/include  conftest.c >&5
conftest.c:92:20: error: expected expression
if (sizeof ((off_t)))
                   ^
1 error generated.
configure:20822: $? = 1
configure: failed program was:
| /* confdefs.h.  */
| #define PACKAGE_NAME "Clustal Omega"
| #define PACKAGE_TARNAME "clustal-omega"
| #define PACKAGE_VERSION "1.2.4"
| #define PACKAGE_STRING "Clustal Omega 1.2.4"
| #define PACKAGE_BUGREPORT "clustalw@ucd.ie"
| #define PACKAGE "clustal-omega"
| #define VERSION "1.2.4"
| #define STDC_HEADERS 1
| #define HAVE_SYS_TYPES_H 1
| #define HAVE_SYS_STAT_H 1
| #define HAVE_STDLIB_H 1
| #define HAVE_STRING_H 1
| #define HAVE_MEMORY_H 1
| #define HAVE_STRINGS_H 1
| #define HAVE_INTTYPES_H 1
| #define HAVE_STDINT_H 1
| #define HAVE_UNISTD_H 1
| #define __EXTENSIONS__ 1
| #define _ALL_SOURCE 1
| #define _GNU_SOURCE 1
| #define _POSIX_PTHREAD_SEMANTICS 1
| #define _TANDEM_SOURCE 1
| #define HAVE_DLFCN_H 1
| #define LT_OBJDIR ".libs/"
| #define CLUSTALO 1
| #define PACKAGE_CODENAME "AndreaGiacomo"
| #define DARWIN 1
| #define STDC_HEADERS 1
| #define HAVE_ASSERT_H 1
| #define HAVE_CTYPE_H 1
| #define HAVE_FLOAT_H 1
| #define HAVE_LIMITS_H 1
| #define HAVE_MATH_H 1
| #define HAVE_MEMORY_H 1
| #define HAVE_STDARG_H 1
| #define HAVE_STDIO_H 1
| #define HAVE_STDLIB_H 1
| #define HAVE_STRING_H 1
| #define HAVE_TIME_H 1
| #define HAVE_UNISTD_H 1
| #define HAVE_LIBM 1
| #define HAVE_LOG2 1
| #define HAVE_ARGTABLE2_H 1
| #define HAVE_LIBARGTABLE2 1
| #define HAVE_NTOHS 1
| #define HAVE_NTOHL 1
| #define SIZEOF_UNSIGNED_SHORT 2
| #define SIZEOF_UNSIGNED_INT 4
| #define SIZEOF_UNSIGNED_LONG 8
| #define SIZEOF_UNSIGNED_LONG_LONG 8
| #define HAVE_STRTOULL 1
| #define HAVE_FTELLO 1
| #define HAVE_FSEEKO 1
| /* end confdefs.h.  */
| #include <stdio.h>
| #ifdef HAVE_SYS_TYPES_H
| # include <sys/types.h>
| #endif
| #ifdef HAVE_SYS_STAT_H
| # include <sys/stat.h>
| #endif
| #ifdef STDC_HEADERS
| # include <stdlib.h>
| # include <stddef.h>
| #else
| # ifdef HAVE_STDLIB_H
| #  include <stdlib.h>
| # endif
| #endif
| #ifdef HAVE_STRING_H
| # if !defined STDC_HEADERS && defined HAVE_MEMORY_H
| #  include <memory.h>
| # endif
| # include <string.h>
| #endif
| #ifdef HAVE_STRINGS_H
| # include <strings.h>
| #endif
| #ifdef HAVE_INTTYPES_H
| # include <inttypes.h>
| #endif
| #ifdef HAVE_STDINT_H
| # include <stdint.h>
| #endif
| #ifdef HAVE_UNISTD_H
| # include <unistd.h>
| #endif
| int
| main ()
| {
| if (sizeof ((off_t)))
| 	  return 0;
|   ;
|   return 0;
| }
configure:20845: result: yes
configure:20861: checking size of fpos_t
configure:21166: gcc -o conftest -I/opt/homebrew/include  -L/opt/homebrew/lib conftest.c -largtable2 -lm  >&5
configure:21170: $? = 0
configure:21176: ./conftest
configure:21180: $? = 0
configure:21206: result: 8
configure:21249: checking if malloc debugging is wanted
configure:21269: result: no
configure:21293: checking whether to build with debug information
configure:21302: result: no
configure:21476: creating ./config.status

## ---------------------- ##
## Running config.status. ##
## ---------------------- ##

This file was extended by Clustal Omega config.status 1.2.4, which was
generated by GNU Autoconf 2.63.  Invocation command line was

  CONFIG_FILES    = 
  CONFIG_HEADERS  = 
  CONFIG_LINKS    = 
  CONFIG_COMMANDS = 
  $ ./config.status 

on Ossians-Laptop.local

config.status:1097: creating Makefile
config.status:1097: creating src/Makefile
config.status:1097: creating clustalo.pc
config.status:1097: creating Doxyfile
config.status:1097: creating src/clustal/Makefile
config.status:1097: creating src/hhalign/Makefile
config.status:1097: creating src/kmpp/Makefile
config.status:1097: creating src/squid/Makefile
config.status:1097: creating src/config.h
config.status:1371: executing src/clustal-omega-config.h commands
config.status:1411: creating src/clustal-omega-config.h - prefix CLUSTAL_OMEGA for src/config.h defines
config.status:1371: executing depfiles commands
config.status:1371: executing libtool commands

## ---------------- ##
## Cache variables. ##
## ---------------- ##

ac_cv_build=arm-apple-darwin24.0.0
ac_cv_c_bigendian=no
ac_cv_c_compiler_gnu=yes
ac_cv_c_const=yes
ac_cv_c_inline=inline
ac_cv_cxx_compiler_gnu=yes
ac_cv_env_CCC_set=
ac_cv_env_CCC_value=
ac_cv_env_CC_set=
ac_cv_env_CC_value=
ac_cv_env_CFLAGS_set=set
ac_cv_env_CFLAGS_value=-I/opt/homebrew/include
ac_cv_env_CPPFLAGS_set=
ac_cv_env_CPPFLAGS_value=
ac_cv_env_CPP_set=
ac_cv_env_CPP_value=
ac_cv_env_CXXCPP_set=
ac_cv_env_CXXCPP_value=
ac_cv_env_CXXFLAGS_set=
ac_cv_env_CXXFLAGS_value=
ac_cv_env_CXX_set=
ac_cv_env_CXX_value=
ac_cv_env_LDFLAGS_set=set
ac_cv_env_LDFLAGS_value=-L/opt/homebrew/lib
ac_cv_env_LIBS_set=
ac_cv_env_LIBS_value=
ac_cv_env_build_alias_set=
ac_cv_env_build_alias_value=
ac_cv_env_host_alias_set=
ac_cv_env_host_alias_value=
ac_cv_env_target_alias_set=
ac_cv_env_target_alias_value=
ac_cv_func_fseek64=no
ac_cv_func_fseeko64=no
ac_cv_func_fseeko=yes
ac_cv_func_ftell64=no
ac_cv_func_ftello64=no
ac_cv_func_ftello=yes
ac_cv_func_ntohl=yes
ac_cv_func_ntohs=yes
ac_cv_func_ntonl=no
ac_cv_func_ntons=no
ac_cv_func_stroul=no
ac_cv_func_strtoull=yes
ac_cv_header_argtable2_h=yes
ac_cv_header_assert_h=yes
ac_cv_header_ctype_h=yes
ac_cv_header_dlfcn_h=yes
ac_cv_header_float_h=yes
ac_cv_header_inttypes_h=yes
ac_cv_header_limits_h=yes
ac_cv_header_math_h=yes
ac_cv_header_memory_h=yes
ac_cv_header_minix_config_h=no
ac_cv_header_stdarg_h=yes
ac_cv_header_stdc=yes
ac_cv_header_stdint_h=yes
ac_cv_header_stdio_h=yes
ac_cv_header_stdlib_h=yes
ac_cv_header_string_h=yes
ac_cv_header_strings_h=yes
ac_cv_header_sys_stat_h=yes
ac_cv_header_sys_types_h=yes
ac_cv_header_time_h=yes
ac_cv_header_unistd_h=yes
ac_cv_host=arm-apple-darwin24.0.0
ac_cv_lib_argtable2_arg_parse=yes
ac_cv_lib_m_log2=yes
ac_cv_lib_m_log=yes
ac_cv_objext=o
ac_cv_path_EGREP='/usr/bin/grep -E'
ac_cv_path_FGREP='/usr/bin/grep -F'
ac_cv_path_GREP=/usr/bin/grep
ac_cv_path_SED=/usr/bin/sed
ac_cv_path_install='/usr/bin/install -c'
ac_cv_prog_AWK=awk
ac_cv_prog_CPP='gcc -E'
ac_cv_prog_CXXCPP='g++ -E'
ac_cv_prog_ac_ct_AR=ar
ac_cv_prog_ac_ct_CC=gcc
ac_cv_prog_ac_ct_CXX=g++
ac_cv_prog_ac_ct_DSYMUTIL=dsymutil
ac_cv_prog_ac_ct_LIPO=lipo
ac_cv_prog_ac_ct_NMEDIT=nmedit
ac_cv_prog_ac_ct_OBJDUMP=objdump
ac_cv_prog_ac_ct_OTOOL=otool
ac_cv_prog_ac_ct_RANLIB=ranlib
ac_cv_prog_ac_ct_STRIP=strip
ac_cv_prog_cc_c89=
ac_cv_prog_cc_g=yes
ac_cv_prog_cxx_g=yes
ac_cv_prog_make_make_set=yes
ac_cv_safe_to_define___extensions__=yes
ac_cv_sizeof_fpos_t=8
ac_cv_sizeof_unsigned_int=4
ac_cv_sizeof_unsigned_long=8
ac_cv_sizeof_unsigned_long_long=8
ac_cv_sizeof_unsigned_short=2
ac_cv_type_off_t=yes
ac_cv_type_size_t=yes
am_cv_CC_dependencies_compiler_type=gcc3
am_cv_CXX_dependencies_compiler_type=gcc3
ax_cv_c_openmp=unknown
lt_cv_apple_cc_single_mod=no
lt_cv_deplibs_check_method=pass_all
lt_cv_file_magic_cmd='$MAGIC_CMD'
lt_cv_file_magic_test_file=
lt_cv_ld_exported_symbols_list=yes
lt_cv_ld_reload_flag=-r
lt_cv_nm_interface='BSD nm'
lt_cv_objdir=.libs
lt_cv_path_LD=/Library/Developer/CommandLineTools/usr/bin/ld
lt_cv_path_LDCXX=/Library/Developer/CommandLineTools/usr/bin/ld
lt_cv_path_NM='/usr/bin/nm -B'
lt_cv_prog_compiler_c_o=yes
lt_cv_prog_compiler_c_o_CXX=yes
lt_cv_prog_compiler_pic_works=yes
lt_cv_prog_compiler_pic_works_CXX=yes
lt_cv_prog_compiler_rtti_exceptions=yes
lt_cv_prog_compiler_static_works=no
lt_cv_prog_compiler_static_works_CXX=no
lt_cv_prog_gnu_ld=no
lt_cv_prog_gnu_ldcxx=no
lt_cv_sys_global_symbol_pipe='sed -n -e '\''s/^.*[	 ]\([ABCDGIRSTW][ABCDGIRSTW]*\)[	 ][	 ]*_\([_A-Za-z][_A-Za-z0-9]*\)$/\1 _\2 \2/p'\'''
lt_cv_sys_global_symbol_to_c_name_address='sed -n -e '\''s/^: \([^ ]*\) $/  {\"\1\", (void *) 0},/p'\'' -e '\''s/^[ABCDGIRSTW]* \([^ ]*\) \([^ ]*\)$/  {"\2", (void *) \&\2},/p'\'''
lt_cv_sys_global_symbol_to_c_name_address_lib_prefix='sed -n -e '\''s/^: \([^ ]*\) $/  {\"\1\", (void *) 0},/p'\'' -e '\''s/^[ABCDGIRSTW]* \([^ ]*\) \(lib[^ ]*\)$/  {"\2", (void *) \&\2},/p'\'' -e '\''s/^[ABCDGIRSTW]* \([^ ]*\) \([^ ]*\)$/  {"lib\2", (void *) \&\2},/p'\'''
lt_cv_sys_global_symbol_to_cdecl='sed -n -e '\''s/^T .* \(.*\)$/extern int \1();/p'\'' -e '\''s/^[ABCDGIRSTW]* .* \(.*\)$/extern char \1;/p'\'''
lt_cv_sys_max_cmd_len=786432

## ----------------- ##
## Output variables. ##
## ----------------- ##

ACLOCAL='${SHELL} /Users/ossianfinch/Library/CloudStorage/OneDrive-UniversityofCambridge/MCB/Mini_Project_2/Part_3/HMM_stuff/clustal-omega-1.2.4/missing --run aclocal-1.10'
AMDEPBACKSLASH='\'
AMDEP_FALSE='#'
AMDEP_TRUE=''
AMTAR='${SHELL} /Users/ossianfinch/Library/CloudStorage/OneDrive-UniversityofCambridge/MCB/Mini_Project_2/Part_3/HMM_stuff/clustal-omega-1.2.4/missing --run tar'
AM_CFLAGS=' -O3'
AM_CXXFLAGS=' -O3'
AM_LDFLAGS=''
AR='ar'
AUTOCONF='${SHELL} /Users/ossianfinch/Library/CloudStorage/OneDrive-UniversityofCambridge/MCB/Mini_Project_2/Part_3/HMM_stuff/clustal-omega-1.2.4/missing --run autoconf'
AUTOHEADER='${SHELL} /Users/ossianfinch/Library/CloudStorage/OneDrive-UniversityofCambridge/MCB/Mini_Project_2/Part_3/HMM_stuff/clustal-omega-1.2.4/missing --run autoheader'
AUTOMAKE='${SHELL} /Users/ossianfinch/Library/CloudStorage/OneDrive-UniversityofCambridge/MCB/Mini_Project_2/Part_3/HMM_stuff/clustal-omega-1.2.4/missing --run automake-1.10'
AWK='awk'
CC='gcc'
CCDEPMODE='depmode=gcc3'
CFLAGS='-I/opt/homebrew/include'
CPP='gcc -E'
CPPFLAGS=''
CXX='g++'
CXXCPP='g++ -E'
CXXDEPMODE='depmode=gcc3'
CXXFLAGS='-g -O2'
CYGPATH_W='echo'
DEFS='-DHAVE_CONFIG_H'
DEPDIR='.deps'
DSYMUTIL='dsymutil'
DUMPBIN=''
ECHO_C='\c'
ECHO_N=''
ECHO_T=''
EGREP='/usr/bin/grep -E'
EXEEXT=''
FGREP='/usr/bin/grep -F'
GREP='/usr/bin/grep'
INSTALL_DATA='${INSTALL} -m 644'
INSTALL_PROGRAM='${INSTALL}'
INSTALL_SCRIPT='${INSTALL}'
INSTALL_STRIP_PROGRAM='$(install_sh) -c -s'
LD='/Library/Developer/CommandLineTools/usr/bin/ld'
LDFLAGS='-L/opt/homebrew/lib'
LIBOBJS=''
LIBS='-largtable2 -lm '
LIBTOOL='$(SHELL) $(top_builddir)/libtool'
LIPO='lipo'
LN_S='ln -s'
LTLIBOBJS=''
MAKEINFO='${SHELL} /Users/ossianfinch/Library/CloudStorage/OneDrive-UniversityofCambridge/MCB/Mini_Project_2/Part_3/HMM_stuff/clustal-omega-1.2.4/missing --run makeinfo'
MKDIR_P='./install-sh -c -d'
NM='/usr/bin/nm -B'
NMEDIT='nmedit'
OBJDUMP='objdump'
OBJEXT='o'
OPENMP_CFLAGS=''
OPENMP_CXXFLAGS=''
OTOOL64=':'
OTOOL='otool'
PACKAGE='clustal-omega'
PACKAGE_BUGREPORT='clustalw@ucd.ie'
PACKAGE_CODENAME='AndreaGiacomo'
PACKAGE_NAME='Clustal Omega'
PACKAGE_STRING='Clustal Omega 1.2.4'
PACKAGE_TARNAME='clustal-omega'
PACKAGE_VERSION='1.2.4'
PATH_SEPARATOR=':'
RANLIB='ranlib'
SED='/usr/bin/sed'
SET_MAKE=''
SHELL='/bin/sh'
STRIP='strip'
VERSION='1.2.4'
ac_ct_CC='gcc'
ac_ct_CXX='g++'
ac_ct_DUMPBIN=''
am__fastdepCC_FALSE='#'
am__fastdepCC_TRUE=''
am__fastdepCXX_FALSE='#'
am__fastdepCXX_TRUE=''
am__include='include'
am__isrc=''
am__leading_dot='.'
am__quote=''
am__tar='${AMTAR} chof - "$$tardir"'
am__untar='${AMTAR} xf -'
bindir='${exec_prefix}/bin'
build='arm-apple-darwin24.0.0'
build_alias=''
build_cpu='arm'
build_os='darwin24.0.0'
build_vendor='apple'
datadir='${datarootdir}'
datarootdir='${prefix}/share'
docdir='${datarootdir}/doc/${PACKAGE_TARNAME}'
dvidir='${docdir}'
exec_prefix='${prefix}'
host='arm-apple-darwin24.0.0'
host_alias=''
host_cpu='arm'
host_os='darwin24.0.0'
host_vendor='apple'
htmldir='${docdir}'
includedir='${prefix}/include'
infodir='${datarootdir}/info'
install_sh='$(SHELL) /Users/ossianfinch/Library/CloudStorage/OneDrive-UniversityofCambridge/MCB/Mini_Project_2/Part_3/HMM_stuff/clustal-omega-1.2.4/install-sh'
libdir='${exec_prefix}/lib'
libexecdir='${exec_prefix}/libexec'
localedir='${datarootdir}/locale'
localstatedir='${prefix}/var'
lt_ECHO='/bin/echo'
mandir='${datarootdir}/man'
mkdir_p='$(top_builddir)/./install-sh -c -d'
oldincludedir='/usr/include'
pdfdir='${docdir}'
prefix='/usr/local'
program_transform_name='s,x,x,'
psdir='${docdir}'
sbindir='${exec_prefix}/sbin'
sharedstatedir='${prefix}/com'
sysconfdir='${prefix}/etc'
target_alias=''

## ----------- ##
## confdefs.h. ##
## ----------- ##

#define PACKAGE_NAME "Clustal Omega"
#define PACKAGE_TARNAME "clustal-omega"
#define PACKAGE_VERSION "1.2.4"
#define PACKAGE_STRING "Clustal Omega 1.2.4"
#define PACKAGE_BUGREPORT "clustalw@ucd.ie"
#define PACKAGE "clustal-omega"
#define VERSION "1.2.4"
#define STDC_HEADERS 1
#define HAVE_SYS_TYPES_H 1
#define HAVE_SYS_STAT_H 1
#define HAVE_STDLIB_H 1
#define HAVE_STRING_H 1
#define HAVE_MEMORY_H 1
#define HAVE_STRINGS_H 1
#define HAVE_INTTYPES_H 1
#define HAVE_STDINT_H 1
#define HAVE_UNISTD_H 1
#define __EXTENSIONS__ 1
#define _ALL_SOURCE 1
#define _GNU_SOURCE 1
#define _POSIX_PTHREAD_SEMANTICS 1
#define _TANDEM_SOURCE 1
#define HAVE_DLFCN_H 1
#define LT_OBJDIR ".libs/"
#define CLUSTALO 1
#define PACKAGE_CODENAME "AndreaGiacomo"
#define DARWIN 1
#define STDC_HEADERS 1
#define HAVE_ASSERT_H 1
#define HAVE_CTYPE_H 1
#define HAVE_FLOAT_H 1
#define HAVE_LIMITS_H 1
#define HAVE_MATH_H 1
#define HAVE_MEMORY_H 1
#define HAVE_STDARG_H 1
#define HAVE_STDIO_H 1
#define HAVE_STDLIB_H 1
#define HAVE_STRING_H 1
#define HAVE_TIME_H 1
#define HAVE_UNISTD_H 1
#define HAVE_LIBM 1
#define HAVE_LOG2 1
#define HAVE_ARGTABLE2_H 1
#define HAVE_LIBARGTABLE2 1
#define HAVE_NTOHS 1
#define HAVE_NTOHL 1
#define SIZEOF_UNSIGNED_SHORT 2
#define SIZEOF_UNSIGNED_INT 4
#define SIZEOF_UNSIGNED_LONG 8
#define SIZEOF_UNSIGNED_LONG_LONG 8
#define HAVE_STRTOULL 1
#define HAVE_FTELLO 1
#define HAVE_FSEEKO 1
#define SIZEOF_FPOS_T 8
#define NDEBUG /**/

configure: exit 0
